[2026-04-16T15:12:14.715Z] GET http://localhost:5181/ → 200 (6ms, 615B)
[2026-04-16T15:12:14.725Z] GET http://localhost:5181/@vite/client → 200 (108ms, 204443B)
[2026-04-16T15:12:14.726Z] GET http://localhost:5181/src/main.jsx → 200 (8ms, 1619B)
[2026-04-16T15:12:14.732Z] GET http://localhost:5181/@react-refresh → 200 (46ms, 111894B)
[2026-04-16T15:12:14.740Z] GET http://localhost:5181/node_modules/.vite/deps/react.js?v=ae983c61 → 200 (46ms, 38303B)
[2026-04-16T15:12:14.740Z] GET http://localhost:5181/node_modules/.vite/deps/react-dom_client.js?v=ae983c61 → 200 (122ms, 820982B)
[2026-04-16T15:12:14.740Z] GET http://localhost:5181/src/index.css → 200 (64ms, 804B)
[2026-04-16T15:12:14.742Z] GET http://localhost:5181/src/App.jsx → 200 (64ms, 16030B)
[2026-04-16T15:12:14.742Z] GET http://localhost:5181/node_modules/.vite/deps/react_jsx-dev-runtime.js?v=ae983c61 → 200 (42ms, 10573B)
[2026-04-16T15:12:14.786Z] GET http://localhost:5181/node_modules/.vite/deps/chunk-D6g4UhsZ.js?v=ae983c61 → 200 (21ms, 8997B)
[2026-04-16T15:12:14.831Z] GET http://localhost:5181/node_modules/.vite/deps/react-router-dom.js?v=ae983c61 → 200 (46ms, 393695B)
[2026-04-16T15:12:14.831Z] GET http://localhost:5181/node_modules/.vite/deps/@chakra-ui_react.js?v=ae983c61 → 200 (185ms, 1141560B)
[2026-04-16T15:12:14.831Z] GET http://localhost:5181/src/contexts/AuthContext.jsx → 200 (13ms, 7150B)
[2026-04-16T15:12:14.831Z] GET http://localhost:5181/src/contexts/SocketContext.jsx → 200 (28ms, 9292B)
[2026-04-16T15:12:14.831Z] GET http://localhost:5181/src/theme.js → 200 (30ms, 8293B)
[2026-04-16T15:12:14.832Z] GET http://localhost:5181/src/pages/Login.jsx → 200 (43ms, 18939B)
[2026-04-16T15:12:14.832Z] GET http://localhost:5181/src/pages/client/ClientLayout.jsx → 200 (65ms, 24236B)
[2026-04-16T15:12:14.832Z] GET http://localhost:5181/src/pages/admin/AdminLayout.jsx → 200 (63ms, 11511B)
[2026-04-16T15:12:14.832Z] GET http://localhost:5181/src/pages/client/Home.jsx → 200 (64ms, 17188B)
[2026-04-16T15:12:14.832Z] GET http://localhost:5181/src/pages/client/ClientProfile.jsx → 200 (65ms, 70323B)
[2026-04-16T15:12:14.832Z] GET http://localhost:5181/src/pages/client/Chat.jsx → 200 (44ms, 21051B)
[2026-04-16T15:12:14.832Z] GET http://localhost:5181/src/pages/client/AICoach.jsx → 200 (87ms, 30008B)
[2026-04-16T15:12:14.832Z] GET http://localhost:5181/src/pages/client/MyPond.jsx → 200 (86ms, 50802B)
[2026-04-16T15:12:14.832Z] GET http://localhost:5181/src/pages/admin/Dashboard.jsx → 200 (87ms, 71547B)
[2026-04-16T15:12:14.832Z] GET http://localhost:5181/src/pages/admin/Clients.jsx → 200 (88ms, 404508B)
[2026-04-16T15:12:14.832Z] GET http://localhost:5181/src/pages/admin/Girls.jsx → 200 (111ms, 338722B)
[2026-04-16T15:12:14.832Z] GET http://localhost:5181/src/pages/admin/Chat.jsx → 200 (87ms, 25357B)
[2026-04-16T15:12:14.832Z] GET http://localhost:5181/src/pages/admin/Workbench.jsx → 200 (88ms, 109604B)
[2026-04-16T15:12:14.832Z] GET http://localhost:5181/src/pages/admin/Progress.jsx → 200 (88ms, 40085B)
[2026-04-16T15:12:14.833Z] GET http://localhost:5181/node_modules/vite/dist/client/env.mjs → 200 (87ms, 3478B)
[2026-04-16T15:12:14.860Z] GET http://localhost:5181/src/utils/api.js → 200 (82ms, 20563B)
[2026-04-16T15:12:14.860Z] GET http://localhost:5181/node_modules/.vite/deps/socket__io-client.js?v=ae983c61 → 200 (87ms, 107945B)
[2026-04-16T15:12:14.862Z] GET http://localhost:5181/node_modules/.vite/deps/react-dom.js?v=ae983c61 → 200 (81ms, 14630B)
[2026-04-16T15:12:14.895Z] GET http://localhost:5181/src/components/Icons.jsx → 200 (51ms, 30211B)
[2026-04-16T15:12:14.896Z] GET http://localhost:5181/src/components/client/ServiceProgressBoard.jsx → 200 (47ms, 23226B)
[2026-04-16T15:12:14.897Z] GET http://localhost:5181/src/components/RegionSelector.jsx → 200 (51ms, 118199B)
[2026-04-16T15:12:14.921Z] GET http://localhost:5181/node_modules/.vite/deps/react-icons_fi.js?v=ae983c61 → 200 (74ms, 183103B)
[2026-04-16T15:12:15.125Z] GET http://localhost:5181/node_modules/.vite/deps/react_jsx-runtime.js?v=ae983c61 → 200 (83ms, 10883B)
[2026-04-16T15:12:34.435Z] GET http://localhost:5181/login → 200 (1ms, 615B)
[2026-04-16T15:12:34.453Z] GET http://localhost:5181/@vite/client → 200 (19ms, 204443B)
[2026-04-16T15:12:34.453Z] GET http://localhost:5181/src/main.jsx → 200 (19ms, 1619B)
[2026-04-16T15:12:34.458Z] GET http://localhost:5181/@react-refresh → 200 (23ms, 111894B)
[2026-04-16T15:12:34.481Z] GET http://localhost:5181/node_modules/vite/dist/client/env.mjs → 200 (2ms, 3478B)
[2026-04-16T15:12:34.482Z] GET http://localhost:5181/node_modules/.vite/deps/react.js?v=ae983c61 → 200 (?ms, 38303B)
[2026-04-16T15:12:34.482Z] GET http://localhost:5181/node_modules/.vite/deps/react-dom_client.js?v=ae983c61 → 200 (?ms, 820982B)
[2026-04-16T15:12:34.482Z] GET http://localhost:5181/src/index.css → 200 (4ms, 804B)
[2026-04-16T15:12:34.482Z] GET http://localhost:5181/src/App.jsx → 200 (4ms, 16030B)
[2026-04-16T15:12:34.482Z] GET http://localhost:5181/node_modules/.vite/deps/react_jsx-dev-runtime.js?v=ae983c61 → 200 (?ms, 10573B)
[2026-04-16T15:12:34.483Z] GET http://localhost:5181/node_modules/.vite/deps/chunk-D6g4UhsZ.js?v=ae983c61 → 200 (?ms, 8997B)
[2026-04-16T15:12:34.483Z] GET http://localhost:5181/node_modules/.vite/deps/react-dom.js?v=ae983c61 → 200 (?ms, 14630B)
[2026-04-16T15:12:34.491Z] GET http://localhost:5181/node_modules/.vite/deps/react-router-dom.js?v=ae983c61 → 200 (?ms, 393695B)
[2026-04-16T15:12:34.492Z] GET http://localhost:5181/node_modules/.vite/deps/@chakra-ui_react.js?v=ae983c61 → 200 (?ms, 1141560B)
[2026-04-16T15:12:34.492Z] GET http://localhost:5181/src/contexts/AuthContext.jsx → 200 (2ms, 7150B)
[2026-04-16T15:12:34.492Z] GET http://localhost:5181/src/contexts/SocketContext.jsx → 200 (13ms, 9292B)
[2026-04-16T15:12:34.492Z] GET http://localhost:5181/src/theme.js → 200 (14ms, 8293B)
[2026-04-16T15:12:34.492Z] GET http://localhost:5181/src/pages/Login.jsx → 200 (251ms, 18939B)
[2026-04-16T15:12:34.492Z] GET http://localhost:5181/src/pages/client/ClientLayout.jsx → 200 (251ms, 24236B)
[2026-04-16T15:12:34.492Z] GET http://localhost:5181/src/pages/admin/AdminLayout.jsx → 200 (252ms, 11511B)
[2026-04-16T15:12:34.492Z] GET http://localhost:5181/src/pages/client/Home.jsx → 200 (252ms, 17188B)
[2026-04-16T15:12:34.493Z] GET http://localhost:5181/src/pages/client/ClientProfile.jsx → 200 (252ms, 70323B)
[2026-04-16T15:12:34.493Z] GET http://localhost:5181/src/pages/client/Chat.jsx → 200 (251ms, 21051B)
[2026-04-16T15:12:34.493Z] GET http://localhost:5181/src/pages/client/AICoach.jsx → 200 (252ms, 30008B)
[2026-04-16T15:12:34.493Z] GET http://localhost:5181/src/pages/client/MyPond.jsx → 200 (252ms, 50802B)
[2026-04-16T15:12:34.493Z] GET http://localhost:5181/src/pages/admin/Dashboard.jsx → 200 (253ms, 71547B)
[2026-04-16T15:12:34.493Z] GET http://localhost:5181/src/pages/admin/Clients.jsx → 200 (254ms, 404508B)
[2026-04-16T15:12:34.493Z] GET http://localhost:5181/src/pages/admin/Girls.jsx → 200 (253ms, 338722B)
[2026-04-16T15:12:34.493Z] GET http://localhost:5181/src/pages/admin/Chat.jsx → 200 (252ms, 25357B)
[2026-04-16T15:12:34.493Z] GET http://localhost:5181/src/pages/admin/Workbench.jsx → 200 (253ms, 109604B)
[2026-04-16T15:12:34.493Z] GET http://localhost:5181/src/pages/admin/Progress.jsx → 200 (253ms, 40085B)
[2026-04-16T15:12:34.493Z] GET http://localhost:5181/node_modules/.vite/deps/react_jsx-runtime.js?v=ae983c61 → 200 (?ms, 10883B)
[2026-04-16T15:12:34.494Z] GET http://localhost:5181/src/utils/api.js → 200 (253ms, 20563B)
[2026-04-16T15:12:34.744Z] GET http://localhost:5181/node_modules/.vite/deps/socket__io-client.js?v=ae983c61 → 200 (?ms, 107945B)
[2026-04-16T15:12:34.747Z] GET http://localhost:5181/src/components/Icons.jsx → 200 (1ms, 30211B)
[2026-04-16T15:12:34.747Z] GET http://localhost:5181/src/components/client/ServiceProgressBoard.jsx → 200 (1ms, 23226B)
[2026-04-16T15:12:34.748Z] GET http://localhost:5181/src/components/RegionSelector.jsx → 200 (1ms, 118199B)
[2026-04-16T15:12:34.748Z] GET http://localhost:5181/node_modules/.vite/deps/react-icons_fi.js?v=ae983c61 → 200 (?ms, 183103B)
[2026-04-16T15:13:32.175Z] POST http://localhost:3005/api/auth/login → 200 (82ms, 365B)
[2026-04-16T15:13:32.338Z] GET http://localhost:3005/api/clients → pending (?ms, ?B)
[2026-04-16T15:13:32.338Z] GET http://localhost:3005/api/dashboard/stats → pending (?ms, ?B)
[2026-04-16T15:13:32.339Z] GET http://localhost:3005/api/dashboard/stats → pending (?ms, ?B)
[2026-04-16T15:13:32.340Z] GET http://localhost:3005/api/clients → 200 (1ms, ?B)
[2026-04-16T15:13:32.340Z] GET http://localhost:3005/api/dashboard/stats → pending (?ms, ?B)
[2026-04-16T15:13:32.341Z] GET http://localhost:3005/api/dashboard/stats → pending (?ms, ?B)
[2026-04-16T15:13:41.454Z] GET http://localhost:3005/api/clients → 200 (198ms, 2964B)
[2026-04-16T15:13:41.454Z] GET http://localhost:3005/api/clients → 200 (2ms, 2964B)
[2026-04-16T15:13:58.228Z] GET http://localhost:3005/api/clients/90c838e2-a590-49dd-b256-f2a38b1da848 → 200 (13ms, ?B)
[2026-04-16T15:14:49.887Z] POST http://localhost:3005/api/clients/extract-profile → pending (?ms, ?B)
[2026-04-16T15:15:41.860Z] GET http://localhost:5181/admin/clients → 200 (5ms, ?B)
[2026-04-16T15:15:42.911Z] GET http://localhost:5181/@vite/client → 200 (18ms, 204443B)
[2026-04-16T15:15:42.913Z] GET http://localhost:5181/src/main.jsx → 200 (3ms, 1619B)
[2026-04-16T15:15:42.915Z] GET http://localhost:5181/@react-refresh → 200 (14ms, 111894B)
[2026-04-16T15:15:42.919Z] GET http://localhost:5181/node_modules/.vite/deps/react.js?v=ae983c61 → 200 (?ms, 38303B)
[2026-04-16T15:15:42.919Z] GET http://localhost:5181/node_modules/.vite/deps/react-dom_client.js?v=ae983c61 → 200 (?ms, 820982B)
[2026-04-16T15:15:42.919Z] GET http://localhost:5181/src/index.css → 200 (11ms, 804B)
[2026-04-16T15:15:42.919Z] GET http://localhost:5181/src/App.jsx → 200 (11ms, 16030B)
[2026-04-16T15:15:42.919Z] GET http://localhost:5181/node_modules/.vite/deps/react_jsx-dev-runtime.js?v=ae983c61 → 200 (?ms, 10573B)
[2026-04-16T15:15:42.920Z] GET http://localhost:5181/node_modules/.vite/deps/chunk-D6g4UhsZ.js?v=ae983c61 → 200 (?ms, 8997B)
[2026-04-16T15:15:42.929Z] GET http://localhost:5181/node_modules/.vite/deps/react-dom.js?v=ae983c61 → 200 (?ms, 14630B)
[2026-04-16T15:15:42.929Z] GET http://localhost:5181/node_modules/vite/dist/client/env.mjs → 200 (22ms, 3478B)
[2026-04-16T15:15:42.936Z] GET http://localhost:5181/node_modules/.vite/deps/react-router-dom.js?v=ae983c61 → 200 (?ms, 393695B)
[2026-04-16T15:15:42.937Z] GET http://localhost:5181/node_modules/.vite/deps/@chakra-ui_react.js?v=ae983c61 → 200 (?ms, 1141560B)
[2026-04-16T15:15:42.938Z] GET http://localhost:5181/src/contexts/AuthContext.jsx → 200 (14ms, 7150B)
[2026-04-16T15:15:42.938Z] GET http://localhost:5181/src/contexts/SocketContext.jsx → 200 (14ms, 9292B)
[2026-04-16T15:15:42.938Z] GET http://localhost:5181/src/theme.js → 200 (20ms, 8293B)
[2026-04-16T15:15:42.938Z] GET http://localhost:5181/src/pages/Login.jsx → 200 (21ms, 18939B)
[2026-04-16T15:15:42.938Z] GET http://localhost:5181/src/pages/client/ClientLayout.jsx → 200 (20ms, 24236B)
[2026-04-16T15:15:42.938Z] GET http://localhost:5181/src/pages/admin/AdminLayout.jsx → 200 (20ms, 11511B)
[2026-04-16T15:15:42.938Z] GET http://localhost:5181/src/pages/client/Home.jsx → 200 (31ms, 17188B)
[2026-04-16T15:15:42.938Z] GET http://localhost:5181/src/pages/client/ClientProfile.jsx → 200 (32ms, 70323B)
[2026-04-16T15:15:42.939Z] GET http://localhost:5181/src/pages/client/Chat.jsx → 200 (31ms, 21051B)
[2026-04-16T15:15:42.939Z] GET http://localhost:5181/src/pages/client/AICoach.jsx → 200 (31ms, 30008B)
[2026-04-16T15:15:42.939Z] GET http://localhost:5181/src/pages/client/MyPond.jsx → 200 (31ms, 50802B)
[2026-04-16T15:15:42.939Z] GET http://localhost:5181/src/pages/admin/Dashboard.jsx → 200 (84ms, 71547B)
[2026-04-16T15:15:42.939Z] GET http://localhost:5181/src/pages/admin/Clients.jsx → 200 (206ms, 404508B)
[2026-04-16T15:15:42.939Z] GET http://localhost:5181/src/pages/admin/Girls.jsx → 200 (201ms, 338722B)
[2026-04-16T15:15:42.939Z] GET http://localhost:5181/src/pages/admin/Chat.jsx → 200 (85ms, 25357B)
[2026-04-16T15:15:42.939Z] GET http://localhost:5181/src/pages/admin/Workbench.jsx → 200 (193ms, 109604B)
[2026-04-16T15:15:42.939Z] GET http://localhost:5181/src/pages/admin/Progress.jsx → 200 (89ms, 40085B)
[2026-04-16T15:15:42.951Z] GET http://localhost:5181/node_modules/.vite/deps/react_jsx-runtime.js?v=ae983c61 → 200 (?ms, 10883B)
[2026-04-16T15:15:42.952Z] GET http://localhost:5181/src/utils/api.js → 200 (76ms, 20563B)
[2026-04-16T15:15:42.954Z] GET http://localhost:5181/node_modules/.vite/deps/socket__io-client.js?v=ae983c61 → 200 (?ms, 107945B)
[2026-04-16T15:15:42.959Z] GET http://localhost:5181/src/components/Icons.jsx → 200 (69ms, 30211B)
[2026-04-16T15:15:42.969Z] GET http://localhost:5181/src/components/client/ServiceProgressBoard.jsx → 200 (59ms, 23226B)
[2026-04-16T15:15:42.970Z] GET http://localhost:5181/src/components/RegionSelector.jsx → 200 (175ms, 118199B)
[2026-04-16T15:15:43.153Z] GET http://localhost:5181/node_modules/.vite/deps/react-icons_fi.js?v=ae983c61 → 200 (?ms, 183103B)
[2026-04-16T15:15:43.292Z] GET http://localhost:3005/api/auth/me → 200 (3ms, ?B)
[2026-04-16T15:15:43.292Z] GET http://localhost:3005/api/auth/me → 200 (2ms, ?B)
[2026-04-16T15:15:43.510Z] GET http://localhost:3005/api/clients → 200 (269ms, 2964B)
[2026-04-16T15:15:43.510Z] GET http://localhost:3005/api/clients → 200 (15ms, 2964B)
[2026-04-16T15:15:51.041Z] GET http://localhost:3005/api/clients/90c838e2-a590-49dd-b256-f2a38b1da848 → 200 (12ms, ?B)
[2026-04-16T15:16:16.667Z] POST http://localhost:3005/api/clients/extract-profile → pending (?ms, ?B)
[2026-04-16T15:17:52.088Z] GET http://localhost:5181/admin/clients → 200 (1ms, 615B)
[2026-04-16T15:17:52.117Z] GET http://localhost:5181/@vite/client → 200 (1ms, 204443B)
[2026-04-16T15:17:52.117Z] GET http://localhost:5181/src/main.jsx → 200 (1ms, 1619B)
[2026-04-16T15:17:52.118Z] GET http://localhost:5181/@react-refresh → 200 (2ms, 111894B)
[2026-04-16T15:17:52.118Z] GET http://localhost:5181/node_modules/.vite/deps/react.js?v=ae983c61 → 200 (?ms, 38303B)
[2026-04-16T15:17:52.118Z] GET http://localhost:5181/node_modules/.vite/deps/react-dom_client.js?v=ae983c61 → 200 (?ms, 820982B)
[2026-04-16T15:17:52.119Z] GET http://localhost:5181/src/index.css → 200 (3ms, 804B)
[2026-04-16T15:17:52.119Z] GET http://localhost:5181/src/App.jsx → 200 (3ms, 16030B)
[2026-04-16T15:17:52.119Z] GET http://localhost:5181/node_modules/.vite/deps/react_jsx-dev-runtime.js?v=ae983c61 → 200 (?ms, 10573B)
[2026-04-16T15:17:52.119Z] GET http://localhost:5181/node_modules/vite/dist/client/env.mjs → 200 (3ms, 3478B)
[2026-04-16T15:17:52.119Z] GET http://localhost:5181/node_modules/.vite/deps/chunk-D6g4UhsZ.js?v=ae983c61 → 200 (?ms, 8997B)
[2026-04-16T15:17:52.119Z] GET http://localhost:5181/node_modules/.vite/deps/react-dom.js?v=ae983c61 → 200 (?ms, 14630B)
[2026-04-16T15:17:52.130Z] GET http://localhost:5181/node_modules/.vite/deps/react-router-dom.js?v=ae983c61 → 200 (?ms, 393695B)
[2026-04-16T15:17:52.130Z] GET http://localhost:5181/node_modules/.vite/deps/@chakra-ui_react.js?v=ae983c61 → 200 (?ms, 1141560B)
[2026-04-16T15:17:52.130Z] GET http://localhost:5181/src/contexts/AuthContext.jsx → 200 (1ms, 7150B)
[2026-04-16T15:17:52.130Z] GET http://localhost:5181/src/contexts/SocketContext.jsx → 200 (15ms, 9292B)
[2026-04-16T15:17:52.130Z] GET http://localhost:5181/src/theme.js → 200 (3ms, 8293B)
[2026-04-16T15:17:52.130Z] GET http://localhost:5181/src/pages/Login.jsx → 200 (15ms, 18939B)
[2026-04-16T15:17:52.130Z] GET http://localhost:5181/src/pages/client/ClientLayout.jsx → 200 (16ms, 24236B)
[2026-04-16T15:17:52.130Z] GET http://localhost:5181/src/pages/admin/AdminLayout.jsx → 200 (16ms, 11511B)
[2026-04-16T15:17:52.130Z] GET http://localhost:5181/src/pages/client/Home.jsx → 200 (16ms, 17188B)
[2026-04-16T15:17:52.130Z] GET http://localhost:5181/src/pages/client/ClientProfile.jsx → 200 (20ms, 70323B)
[2026-04-16T15:17:52.131Z] GET http://localhost:5181/src/pages/client/Chat.jsx → 200 (19ms, 21051B)
[2026-04-16T15:17:52.131Z] GET http://localhost:5181/src/pages/client/AICoach.jsx → 200 (20ms, 30008B)
[2026-04-16T15:17:52.131Z] GET http://localhost:5181/src/pages/client/MyPond.jsx → 200 (20ms, 50802B)
[2026-04-16T15:17:52.131Z] GET http://localhost:5181/src/pages/admin/Dashboard.jsx → 200 (31ms, 71547B)
[2026-04-16T15:17:52.131Z] GET http://localhost:5181/src/pages/admin/Clients.jsx → 200 (92ms, 404508B)
[2026-04-16T15:17:52.131Z] GET http://localhost:5181/src/pages/admin/Girls.jsx → 200 (92ms, 338722B)
[2026-04-16T15:17:52.131Z] GET http://localhost:5181/src/pages/admin/Chat.jsx → 200 (23ms, 25357B)
[2026-04-16T15:17:52.131Z] GET http://localhost:5181/src/pages/admin/Workbench.jsx → 200 (92ms, 109604B)
[2026-04-16T15:17:52.131Z] GET http://localhost:5181/src/pages/admin/Progress.jsx → 200 (32ms, 40085B)
[2026-04-16T15:17:52.131Z] GET http://localhost:5181/node_modules/.vite/deps/react_jsx-runtime.js?v=ae983c61 → 200 (?ms, 10883B)
[2026-04-16T15:17:52.133Z] GET http://localhost:5181/src/utils/api.js → 200 (30ms, 20563B)
[2026-04-16T15:17:52.145Z] GET http://localhost:5181/node_modules/.vite/deps/socket__io-client.js?v=ae983c61 → 200 (?ms, 107945B)
[2026-04-16T15:17:52.146Z] GET http://localhost:5181/src/components/Icons.jsx → 200 (17ms, 30211B)
[2026-04-16T15:17:52.146Z] GET http://localhost:5181/src/components/client/ServiceProgressBoard.jsx → 200 (17ms, 23226B)
[2026-04-16T15:17:52.151Z] GET http://localhost:5181/src/components/RegionSelector.jsx → 200 (71ms, 118199B)
[2026-04-16T15:17:52.353Z] GET http://localhost:5181/node_modules/.vite/deps/react-icons_fi.js?v=ae983c61 → 200 (?ms, ?B)
[2026-04-16T15:17:52.493Z] GET http://localhost:3005/api/auth/me → 200 (3ms, 239B)
[2026-04-16T15:17:52.494Z] GET http://localhost:3005/api/auth/me → 200 (2ms, 239B)
[2026-04-16T15:17:52.702Z] GET http://localhost:3005/api/clients → 200 (329ms, 2964B)
[2026-04-16T15:17:52.703Z] GET http://localhost:3005/api/clients → 200 (6ms, 2964B)
[2026-04-16T15:17:59.714Z] GET http://localhost:3005/api/clients/90c838e2-a590-49dd-b256-f2a38b1da848 → 200 (8ms, ?B)
[2026-04-16T15:18:24.177Z] POST http://localhost:3005/api/clients/extract-profile → pending (?ms, ?B)
[2026-04-16T15:18:56.471Z] GET http://localhost:5181/admin/clients → 200 (5ms, 615B)
[2026-04-16T15:18:57.186Z] GET http://localhost:5181/@vite/client → 200 (5ms, 204443B)
[2026-04-16T15:18:57.186Z] GET http://localhost:5181/src/main.jsx → 200 (1ms, 1619B)
[2026-04-16T15:18:57.187Z] GET http://localhost:5181/@react-refresh → 200 (5ms, 111894B)
[2026-04-16T15:18:57.189Z] GET http://localhost:5181/node_modules/.vite/deps/react.js?v=ae983c61 → 200 (?ms, 38303B)
[2026-04-16T15:18:57.189Z] GET http://localhost:5181/node_modules/.vite/deps/react-dom_client.js?v=ae983c61 → 200 (?ms, 820982B)
[2026-04-16T15:18:57.189Z] GET http://localhost:5181/src/index.css → 200 (3ms, 804B)
[2026-04-16T15:18:57.189Z] GET http://localhost:5181/src/App.jsx → 200 (3ms, 16030B)
[2026-04-16T15:18:57.189Z] GET http://localhost:5181/node_modules/.vite/deps/react_jsx-dev-runtime.js?v=ae983c61 → 200 (?ms, 10573B)
[2026-04-16T15:18:57.190Z] GET http://localhost:5181/node_modules/.vite/deps/chunk-D6g4UhsZ.js?v=ae983c61 → 200 (?ms, 8997B)
[2026-04-16T15:18:57.191Z] GET http://localhost:5181/node_modules/.vite/deps/react-dom.js?v=ae983c61 → 200 (?ms, 14630B)
[2026-04-16T15:18:57.191Z] GET http://localhost:5181/node_modules/vite/dist/client/env.mjs → 200 (7ms, 3478B)
[2026-04-16T15:18:57.194Z] GET http://localhost:5181/node_modules/.vite/deps/react-router-dom.js?v=ae983c61 → 200 (?ms, 393695B)
[2026-04-16T15:18:57.194Z] GET http://localhost:5181/node_modules/.vite/deps/@chakra-ui_react.js?v=ae983c61 → 200 (?ms, 1141560B)
[2026-04-16T15:18:57.198Z] GET http://localhost:5181/src/contexts/AuthContext.jsx → 200 (55ms, 7150B)
[2026-04-16T15:18:57.198Z] GET http://localhost:5181/src/contexts/SocketContext.jsx → 200 (56ms, 9292B)
[2026-04-16T15:18:57.198Z] GET http://localhost:5181/src/theme.js → 200 (57ms, 8293B)
[2026-04-16T15:18:57.198Z] GET http://localhost:5181/src/pages/Login.jsx → 200 (57ms, 18939B)
[2026-04-16T15:18:57.198Z] GET http://localhost:5181/src/pages/client/ClientLayout.jsx → 200 (59ms, 24236B)
[2026-04-16T15:18:57.198Z] GET http://localhost:5181/src/pages/admin/AdminLayout.jsx → 200 (59ms, 11511B)
[2026-04-16T15:18:57.198Z] GET http://localhost:5181/src/pages/client/Home.jsx → 200 (59ms, 17188B)
[2026-04-16T15:18:57.198Z] GET http://localhost:5181/src/pages/client/ClientProfile.jsx → 200 (61ms, 70323B)
[2026-04-16T15:18:57.198Z] GET http://localhost:5181/src/pages/client/Chat.jsx → 200 (59ms, 21051B)
[2026-04-16T15:18:57.198Z] GET http://localhost:5181/src/pages/client/AICoach.jsx → 200 (59ms, 30008B)
[2026-04-16T15:18:57.198Z] GET http://localhost:5181/src/pages/client/MyPond.jsx → 200 (61ms, 50802B)
[2026-04-16T15:18:57.198Z] GET http://localhost:5181/src/pages/admin/Dashboard.jsx → 200 (61ms, 71547B)
[2026-04-16T15:18:57.198Z] GET http://localhost:5181/src/pages/admin/Clients.jsx → 200 (153ms, 404508B)
[2026-04-16T15:18:57.198Z] GET http://localhost:5181/src/pages/admin/Girls.jsx → 200 (153ms, 338722B)
[2026-04-16T15:18:57.198Z] GET http://localhost:5181/src/pages/admin/Chat.jsx → 200 (61ms, 25357B)
[2026-04-16T15:18:57.198Z] GET http://localhost:5181/src/pages/admin/Workbench.jsx → 200 (61ms, 109604B)
[2026-04-16T15:18:57.198Z] GET http://localhost:5181/src/pages/admin/Progress.jsx → 200 (61ms, 40085B)
[2026-04-16T15:18:57.199Z] GET http://localhost:5181/node_modules/.vite/deps/react_jsx-runtime.js?v=ae983c61 → 200 (?ms, 10883B)
[2026-04-16T15:18:57.353Z] GET http://localhost:5181/src/utils/api.js → 200 (15ms, ?B)
[2026-04-16T15:18:57.353Z] GET http://localhost:5181/node_modules/.vite/deps/socket__io-client.js?v=ae983c61 → 200 (?ms, 107945B)
[2026-04-16T15:18:57.353Z] GET http://localhost:5181/src/components/Icons.jsx → 200 (16ms, ?B)
[2026-04-16T15:18:57.353Z] GET http://localhost:5181/src/components/client/ServiceProgressBoard.jsx → 200 (16ms, ?B)
[2026-04-16T15:18:57.353Z] GET http://localhost:5181/src/components/RegionSelector.jsx → 200 (16ms, ?B)
[2026-04-16T15:18:57.353Z] GET http://localhost:5181/node_modules/.vite/deps/react-icons_fi.js?v=ae983c61 → 200 (?ms, 183103B)
[2026-04-16T15:18:57.548Z] GET http://localhost:3005/api/auth/me → 200 (2ms, 239B)
[2026-04-16T15:18:57.549Z] GET http://localhost:3005/api/auth/me → 200 (?ms, 239B)
[2026-04-16T15:18:57.690Z] GET http://localhost:3005/api/clients → 200 (113ms, 2964B)
[2026-04-16T15:18:57.690Z] GET http://localhost:3005/api/clients → 200 (113ms, 2964B)
[2026-04-16T15:19:23.087Z] POST http://localhost:3005/api/clients/extract-profile → 400 (14ms, 83B)
[2026-04-16T15:20:35.977Z] POST http://localhost:3005/api/clients/extract-profile → 400 (4ms, 83B)
[2026-04-16T15:21:15.474Z] GET http://localhost:5181/admin/clients → 200 (13ms, 615B)
[2026-04-16T15:21:15.502Z] GET http://localhost:5181/@vite/client → 200 (1ms, 204443B)
[2026-04-16T15:21:15.502Z] GET http://localhost:5181/src/main.jsx → 200 (2ms, 1619B)
[2026-04-16T15:21:15.503Z] GET http://localhost:5181/@react-refresh → 200 (31ms, 111894B)
[2026-04-16T15:21:15.505Z] GET http://localhost:5181/node_modules/vite/dist/client/env.mjs → 200 (29ms, 3478B)
[2026-04-16T15:21:15.508Z] GET http://localhost:5181/node_modules/.vite/deps/react.js?v=ae983c61 → 200 (?ms, 38303B)
[2026-04-16T15:21:15.508Z] GET http://localhost:5181/node_modules/.vite/deps/react-dom_client.js?v=ae983c61 → 200 (1ms, 820982B)
[2026-04-16T15:21:15.510Z] GET http://localhost:5181/src/index.css → 200 (25ms, 804B)
[2026-04-16T15:21:15.510Z] GET http://localhost:5181/src/App.jsx → 200 (28ms, 16030B)
[2026-04-16T15:21:15.510Z] GET http://localhost:5181/node_modules/.vite/deps/react_jsx-dev-runtime.js?v=ae983c61 → 200 (?ms, 10573B)
[2026-04-16T15:21:15.511Z] GET http://localhost:5181/node_modules/.vite/deps/chunk-D6g4UhsZ.js?v=ae983c61 → 200 (?ms, 8997B)
[2026-04-16T15:21:15.512Z] GET http://localhost:5181/node_modules/.vite/deps/react-dom.js?v=ae983c61 → 200 (?ms, 14630B)
[2026-04-16T15:21:15.546Z] GET http://localhost:5181/node_modules/.vite/deps/react-router-dom.js?v=ae983c61 → 200 (?ms, 393695B)
[2026-04-16T15:21:15.546Z] GET http://localhost:5181/node_modules/.vite/deps/@chakra-ui_react.js?v=ae983c61 → 200 (?ms, 1141560B)
[2026-04-16T15:21:15.546Z] GET http://localhost:5181/src/contexts/AuthContext.jsx → 200 (59ms, 7150B)
[2026-04-16T15:21:15.546Z] GET http://localhost:5181/src/contexts/SocketContext.jsx → 200 (60ms, 9292B)
[2026-04-16T15:21:15.547Z] GET http://localhost:5181/src/theme.js → 200 (59ms, 8293B)
[2026-04-16T15:21:15.547Z] GET http://localhost:5181/src/pages/Login.jsx → 200 (59ms, 18939B)
[2026-04-16T15:21:15.547Z] GET http://localhost:5181/src/pages/client/ClientLayout.jsx → 200 (62ms, 24236B)
[2026-04-16T15:21:15.547Z] GET http://localhost:5181/src/pages/admin/AdminLayout.jsx → 200 (62ms, 11511B)
[2026-04-16T15:21:15.547Z] GET http://localhost:5181/src/pages/client/Home.jsx → 200 (63ms, 17188B)
[2026-04-16T15:21:15.547Z] GET http://localhost:5181/src/pages/client/ClientProfile.jsx → 200 (63ms, 70323B)
[2026-04-16T15:21:15.547Z] GET http://localhost:5181/src/pages/client/Chat.jsx → 200 (63ms, 21051B)
[2026-04-16T15:21:15.547Z] GET http://localhost:5181/src/pages/client/AICoach.jsx → 200 (63ms, 30008B)
[2026-04-16T15:21:15.547Z] GET http://localhost:5181/src/pages/client/MyPond.jsx → 200 (63ms, 50802B)
[2026-04-16T15:21:15.547Z] GET http://localhost:5181/src/pages/admin/Dashboard.jsx → 200 (64ms, 71547B)
[2026-04-16T15:21:15.547Z] GET http://localhost:5181/src/pages/admin/Clients.jsx → 200 (64ms, 404508B)
[2026-04-16T15:21:15.547Z] GET http://localhost:5181/src/pages/admin/Girls.jsx → 200 (166ms, 338722B)
[2026-04-16T15:21:15.547Z] GET http://localhost:5181/src/pages/admin/Chat.jsx → 200 (165ms, 25357B)
[2026-04-16T15:21:15.547Z] GET http://localhost:5181/src/pages/admin/Workbench.jsx → 200 (165ms, 109604B)
[2026-04-16T15:21:15.547Z] GET http://localhost:5181/src/pages/admin/Progress.jsx → 200 (165ms, 40085B)
[2026-04-16T15:21:15.557Z] GET http://localhost:5181/node_modules/.vite/deps/react_jsx-runtime.js?v=ae983c61 → 200 (2ms, 10883B)
[2026-04-16T15:21:15.713Z] GET http://localhost:5181/src/utils/api.js → 200 (37ms, 20563B)
[2026-04-16T15:21:15.713Z] GET http://localhost:5181/node_modules/.vite/deps/socket__io-client.js?v=ae983c61 → 200 (?ms, 107945B)
[2026-04-16T15:21:15.714Z] GET http://localhost:5181/src/components/Icons.jsx → 200 (36ms, 30211B)
[2026-04-16T15:21:15.714Z] GET http://localhost:5181/src/components/client/ServiceProgressBoard.jsx → 200 (37ms, 23226B)
[2026-04-16T15:21:15.714Z] GET http://localhost:5181/src/components/RegionSelector.jsx → 200 (37ms, 118199B)
[2026-04-16T15:21:15.749Z] GET http://localhost:5181/node_modules/.vite/deps/react-icons_fi.js?v=ae983c61 → 200 (?ms, 183103B)
[2026-04-16T15:21:15.886Z] GET http://localhost:3005/api/auth/me → 200 (169ms, 239B)
[2026-04-16T15:21:15.886Z] GET http://localhost:3005/api/auth/me → 200 (9ms, 239B)
[2026-04-16T15:21:16.067Z] GET http://localhost:3005/api/clients → 200 (167ms, ?B)
[2026-04-16T15:21:16.067Z] GET http://localhost:3005/api/clients → 200 (167ms, ?B)
[2026-04-16T15:21:32.553Z] GET http://localhost:3005/api/clients/90c838e2-a590-49dd-b256-f2a38b1da848 → 200 (27ms, 1741B)
[2026-04-16T15:21:50.284Z] POST http://localhost:3005/api/clients/extract-profile → 400 (4ms, ?B)
[2026-04-16T15:22:17.597Z] POST http://localhost:3005/api/clients/extract-profile → pending (?ms, ?B)
[2026-04-16T15:22:38.470Z] GET http://localhost:5181/admin → 200 (6ms, ?B)
[2026-04-16T15:22:39.598Z] GET http://localhost:5181/@vite/client → 200 (6ms, 204443B)
[2026-04-16T15:22:39.598Z] GET http://localhost:5181/src/main.jsx → 200 (1ms, 1619B)
[2026-04-16T15:22:39.600Z] GET http://localhost:5181/@react-refresh → 200 (102ms, 111894B)
[2026-04-16T15:22:39.601Z] GET http://localhost:5181/node_modules/.vite/deps/react.js?v=ae983c61 → 200 (1ms, 38303B)
[2026-04-16T15:22:39.602Z] GET http://localhost:5181/node_modules/.vite/deps/react-dom_client.js?v=ae983c61 → 200 (?ms, 820982B)
[2026-04-16T15:22:39.603Z] GET http://localhost:5181/src/index.css → 200 (99ms, 804B)
[2026-04-16T15:22:39.603Z] GET http://localhost:5181/src/App.jsx → 200 (100ms, 16030B)
[2026-04-16T15:22:39.603Z] GET http://localhost:5181/node_modules/.vite/deps/react_jsx-dev-runtime.js?v=ae983c61 → 200 (?ms, 10573B)
[2026-04-16T15:22:39.604Z] GET http://localhost:5181/node_modules/.vite/deps/chunk-D6g4UhsZ.js?v=ae983c61 → 200 (1ms, 8997B)
[2026-04-16T15:22:39.605Z] GET http://localhost:5181/node_modules/.vite/deps/react-dom.js?v=ae983c61 → 200 (?ms, 14630B)
[2026-04-16T15:22:39.605Z] GET http://localhost:5181/node_modules/vite/dist/client/env.mjs → 200 (97ms, 3478B)
[2026-04-16T15:22:39.703Z] GET http://localhost:5181/node_modules/.vite/deps/react-router-dom.js?v=ae983c61 → 200 (?ms, 393695B)
[2026-04-16T15:22:39.703Z] GET http://localhost:5181/node_modules/.vite/deps/@chakra-ui_react.js?v=ae983c61 → 200 (?ms, 1141560B)
[2026-04-16T15:22:39.704Z] GET http://localhost:5181/src/contexts/AuthContext.jsx → 200 (3ms, 7150B)
[2026-04-16T15:22:39.704Z] GET http://localhost:5181/src/contexts/SocketContext.jsx → 200 (8ms, 9292B)
[2026-04-16T15:22:39.704Z] GET http://localhost:5181/src/theme.js → 200 (16ms, 8293B)
[2026-04-16T15:22:39.704Z] GET http://localhost:5181/src/pages/Login.jsx → 200 (17ms, 18939B)
[2026-04-16T15:22:39.704Z] GET http://localhost:5181/src/pages/client/ClientLayout.jsx → 200 (18ms, 24236B)
[2026-04-16T15:22:39.704Z] GET http://localhost:5181/src/pages/admin/AdminLayout.jsx → 200 (18ms, 11511B)
[2026-04-16T15:22:39.704Z] GET http://localhost:5181/src/pages/client/Home.jsx → 200 (20ms, 17188B)
[2026-04-16T15:22:39.704Z] GET http://localhost:5181/src/pages/client/ClientProfile.jsx → 200 (146ms, 70323B)
[2026-04-16T15:22:39.704Z] GET http://localhost:5181/src/pages/client/Chat.jsx → 200 (136ms, 21051B)
[2026-04-16T15:22:39.704Z] GET http://localhost:5181/src/pages/client/AICoach.jsx → 200 (145ms, 30008B)
[2026-04-16T15:22:39.704Z] GET http://localhost:5181/src/pages/client/MyPond.jsx → 200 (146ms, 50802B)
[2026-04-16T15:22:39.704Z] GET http://localhost:5181/src/pages/admin/Dashboard.jsx → 200 (146ms, 71547B)
[2026-04-16T15:22:39.704Z] GET http://localhost:5181/src/pages/admin/Clients.jsx → 200 (148ms, 404508B)
[2026-04-16T15:22:39.704Z] GET http://localhost:5181/src/pages/admin/Girls.jsx → 200 (147ms, 338722B)
[2026-04-16T15:22:39.704Z] GET http://localhost:5181/src/pages/admin/Chat.jsx → 200 (146ms, 25357B)
[2026-04-16T15:22:39.704Z] GET http://localhost:5181/src/pages/admin/Workbench.jsx → 200 (147ms, 109604B)
[2026-04-16T15:22:39.704Z] GET http://localhost:5181/src/pages/admin/Progress.jsx → 200 (147ms, 40085B)
[2026-04-16T15:22:39.704Z] GET http://localhost:5181/node_modules/.vite/deps/react_jsx-runtime.js?v=ae983c61 → 200 (?ms, 10883B)
[2026-04-16T15:22:39.707Z] GET http://localhost:5181/src/utils/api.js → 200 (144ms, 20563B)
[2026-04-16T15:22:39.713Z] GET http://localhost:5181/node_modules/.vite/deps/socket__io-client.js?v=ae983c61 → 200 (?ms, 107945B)
[2026-04-16T15:22:39.722Z] GET http://localhost:5181/src/components/Icons.jsx → 200 (129ms, 30211B)
[2026-04-16T15:22:39.840Z] GET http://localhost:5181/src/components/client/ServiceProgressBoard.jsx → 200 (12ms, 23226B)
[2026-04-16T15:22:39.852Z] GET http://localhost:5181/src/components/RegionSelector.jsx → 200 (7ms, 118199B)
[2026-04-16T15:22:39.852Z] GET http://localhost:5181/node_modules/.vite/deps/react-icons_fi.js?v=ae983c61 → 200 (?ms, 183103B)
[2026-04-16T15:22:40.033Z] GET http://localhost:3005/api/auth/me → 200 (5ms, 239B)
[2026-04-16T15:22:40.033Z] GET http://localhost:3005/api/auth/me → 200 (5ms, 239B)
[2026-04-16T15:22:40.160Z] GET http://localhost:3005/api/clients → 200 (144ms, 2964B)
[2026-04-16T15:22:40.168Z] GET http://localhost:3005/api/dashboard/stats → 200 (137ms, 149B)
[2026-04-16T15:22:40.168Z] GET http://localhost:3005/api/dashboard/stats → 200 (137ms, 149B)
[2026-04-16T15:22:40.168Z] GET http://localhost:3005/api/clients → 200 (1ms, 2964B)
[2026-04-16T15:22:40.168Z] GET http://localhost:3005/api/dashboard/stats → 200 (137ms, 149B)
[2026-04-16T15:22:40.168Z] GET http://localhost:3005/api/dashboard/stats → 200 (2ms, 149B)
[2026-04-16T15:22:51.118Z] GET http://localhost:3005/api/clients → 200 (206ms, 2964B)
[2026-04-16T15:22:51.119Z] GET http://localhost:3005/api/clients → 200 (8ms, 2964B)
[2026-04-16T15:23:04.979Z] GET http://localhost:3005/api/clients/90c838e2-a590-49dd-b256-f2a38b1da848 → 200 (16ms, ?B)
[2026-04-16T15:24:04.915Z] GET http://localhost:5181/ → 200 (4ms, 615B)
[2026-04-16T15:24:04.935Z] GET http://localhost:5181/@vite/client → 200 (13ms, 204443B)
[2026-04-16T15:24:04.935Z] GET http://localhost:5181/src/main.jsx → 200 (4ms, 1619B)
[2026-04-16T15:24:04.939Z] GET http://localhost:5181/@react-refresh → 200 (9ms, 111894B)
[2026-04-16T15:24:04.940Z] GET http://localhost:5181/node_modules/.vite/deps/react.js?v=ae983c61 → 200 (1ms, 38303B)
[2026-04-16T15:24:04.941Z] GET http://localhost:5181/node_modules/.vite/deps/react-dom_client.js?v=ae983c61 → 200 (?ms, 820982B)
[2026-04-16T15:24:04.941Z] GET http://localhost:5181/src/index.css → 200 (9ms, 804B)
[2026-04-16T15:24:04.941Z] GET http://localhost:5181/src/App.jsx → 200 (14ms, 16030B)
[2026-04-16T15:24:04.941Z] GET http://localhost:5181/node_modules/.vite/deps/react_jsx-dev-runtime.js?v=ae983c61 → 200 (?ms, 10573B)
[2026-04-16T15:24:04.941Z] GET http://localhost:5181/node_modules/.vite/deps/chunk-D6g4UhsZ.js?v=ae983c61 → 200 (6ms, 8997B)
[2026-04-16T15:24:04.948Z] GET http://localhost:5181/node_modules/.vite/deps/react-dom.js?v=ae983c61 → 200 (?ms, 14630B)
[2026-04-16T15:24:04.948Z] GET http://localhost:5181/node_modules/vite/dist/client/env.mjs → 200 (7ms, 3478B)
[2026-04-16T15:24:04.955Z] GET http://localhost:5181/node_modules/.vite/deps/react-router-dom.js?v=ae983c61 → 200 (?ms, 393695B)
[2026-04-16T15:24:04.955Z] GET http://localhost:5181/node_modules/.vite/deps/@chakra-ui_react.js?v=ae983c61 → 200 (?ms, 1141560B)
[2026-04-16T15:24:04.956Z] GET http://localhost:5181/src/contexts/AuthContext.jsx → 200 (9ms, 7150B)
[2026-04-16T15:24:04.956Z] GET http://localhost:5181/src/contexts/SocketContext.jsx → 200 (83ms, 9292B)
[2026-04-16T15:24:04.956Z] GET http://localhost:5181/src/theme.js → 200 (86ms, 8293B)
[2026-04-16T15:24:04.956Z] GET http://localhost:5181/src/pages/Login.jsx → 200 (87ms, 18939B)
[2026-04-16T15:24:04.956Z] GET http://localhost:5181/src/pages/client/ClientLayout.jsx → 200 (86ms, 24236B)
[2026-04-16T15:24:04.956Z] GET http://localhost:5181/src/pages/admin/AdminLayout.jsx → 200 (98ms, 11511B)
[2026-04-16T15:24:04.956Z] GET http://localhost:5181/src/pages/client/Home.jsx → 200 (98ms, 17188B)
[2026-04-16T15:24:04.956Z] GET http://localhost:5181/src/pages/client/ClientProfile.jsx → 200 (193ms, 70323B)
[2026-04-16T15:24:04.956Z] GET http://localhost:5181/src/pages/client/Chat.jsx → 200 (200ms, 21051B)
[2026-04-16T15:24:04.956Z] GET http://localhost:5181/src/pages/client/AICoach.jsx → 200 (200ms, 30008B)
[2026-04-16T15:24:04.956Z] GET http://localhost:5181/src/pages/client/MyPond.jsx → 200 (199ms, 50802B)
[2026-04-16T15:24:04.956Z] GET http://localhost:5181/src/pages/admin/Dashboard.jsx → 200 (200ms, 71547B)
[2026-04-16T15:24:04.956Z] GET http://localhost:5181/src/pages/admin/Clients.jsx → 200 (201ms, 404508B)
[2026-04-16T15:24:04.956Z] GET http://localhost:5181/src/pages/admin/Girls.jsx → 200 (201ms, 338722B)
[2026-04-16T15:24:04.956Z] GET http://localhost:5181/src/pages/admin/Chat.jsx → 200 (200ms, 25357B)
[2026-04-16T15:24:04.956Z] GET http://localhost:5181/src/pages/admin/Workbench.jsx → 200 (201ms, 109604B)
[2026-04-16T15:24:04.956Z] GET http://localhost:5181/src/pages/admin/Progress.jsx → 200 (201ms, 40085B)
[2026-04-16T15:24:04.958Z] GET http://localhost:5181/node_modules/.vite/deps/react_jsx-runtime.js?v=ae983c61 → 200 (?ms, 10883B)
[2026-04-16T15:24:04.966Z] GET http://localhost:5181/src/utils/api.js → 200 (191ms, 20563B)
[2026-04-16T15:24:05.158Z] GET http://localhost:5181/node_modules/.vite/deps/socket__io-client.js?v=ae983c61 → 200 (?ms, 107945B)
[2026-04-16T15:24:05.158Z] GET http://localhost:5181/src/components/Icons.jsx → 200 (4ms, 30211B)
[2026-04-16T15:24:05.158Z] GET http://localhost:5181/src/components/client/ServiceProgressBoard.jsx → 200 (4ms, 23226B)
[2026-04-16T15:24:05.158Z] GET http://localhost:5181/src/components/RegionSelector.jsx → 200 (4ms, 118199B)
[2026-04-16T15:24:05.158Z] GET http://localhost:5181/node_modules/.vite/deps/react-icons_fi.js?v=ae983c61 → 200 (3ms, 183103B)
[2026-04-16T15:24:05.311Z] GET http://localhost:3005/api/auth/me → 200 (4ms, ?B)
[2026-04-16T15:24:05.311Z] GET http://localhost:3005/api/auth/me → 200 (3ms, ?B)
[2026-04-16T15:24:05.488Z] GET http://localhost:3005/api/clients/me → pending (?ms, ?B)
[2026-04-16T15:24:05.489Z] GET http://localhost:3005/api/notifications → pending (?ms, ?B)
[2026-04-16T15:24:05.489Z] GET http://localhost:3005/api/clients/me → pending (?ms, ?B)
[2026-04-16T15:24:05.489Z] GET http://localhost:3005/api/notifications → pending (?ms, ?B)
[2026-04-16T15:24:05.521Z] GET http://localhost:3005/api/girls → 200 (29ms, 4522B)
[2026-04-16T15:24:05.521Z] GET http://localhost:3005/api/girls → 200 (29ms, 4522B)
[2026-04-16T15:24:16.501Z] GET http://localhost:3005/api/clients/me → pending (?ms, ?B)
[2026-04-16T15:24:16.501Z] GET http://localhost:3005/api/clients/me → 200 (5ms, ?B)
[2026-04-16T15:25:39.773Z] PUT http://localhost:3005/api/clients/58124f25-20cf-4c22-a77e-5c7b8b33bdf9 → 500 (8ms, 24B)
[2026-04-16T15:27:09.927Z] GET http://localhost:5181/profile → 200 (6ms, 615B)
[2026-04-16T15:27:09.947Z] GET http://localhost:5181/@vite/client → 200 (2ms, 204443B)
[2026-04-16T15:27:09.947Z] GET http://localhost:5181/src/main.jsx → 200 (3ms, 1619B)
[2026-04-16T15:27:09.948Z] GET http://localhost:5181/@react-refresh → 200 (15ms, 111894B)
[2026-04-16T15:27:09.951Z] GET http://localhost:5181/node_modules/vite/dist/client/env.mjs → 200 (9ms, 3478B)
[2026-04-16T15:27:09.951Z] GET http://localhost:5181/node_modules/.vite/deps/react.js?v=ae983c61 → 200 (?ms, 38303B)
[2026-04-16T15:27:09.951Z] GET http://localhost:5181/node_modules/.vite/deps/react-dom_client.js?v=ae983c61 → 200 (?ms, 820982B)
[2026-04-16T15:27:09.957Z] GET http://localhost:5181/src/index.css → 200 (6ms, 804B)
[2026-04-16T15:27:09.957Z] GET http://localhost:5181/src/App.jsx → 200 (6ms, 16030B)
[2026-04-16T15:27:09.957Z] GET http://localhost:5181/node_modules/.vite/deps/react_jsx-dev-runtime.js?v=ae983c61 → 200 (?ms, 10573B)
[2026-04-16T15:27:09.958Z] GET http://localhost:5181/node_modules/.vite/deps/chunk-D6g4UhsZ.js?v=ae983c61 → 200 (?ms, 8997B)
[2026-04-16T15:27:09.958Z] GET http://localhost:5181/node_modules/.vite/deps/react-dom.js?v=ae983c61 → 200 (?ms, 14630B)
[2026-04-16T15:27:09.963Z] GET http://localhost:5181/node_modules/.vite/deps/react-router-dom.js?v=ae983c61 → 200 (?ms, 393695B)
[2026-04-16T15:27:09.963Z] GET http://localhost:5181/node_modules/.vite/deps/@chakra-ui_react.js?v=ae983c61 → 200 (?ms, 1141560B)
[2026-04-16T15:27:09.963Z] GET http://localhost:5181/src/contexts/AuthContext.jsx → 200 (97ms, 7150B)
[2026-04-16T15:27:09.964Z] GET http://localhost:5181/src/contexts/SocketContext.jsx → 200 (181ms, 9292B)
[2026-04-16T15:27:09.964Z] GET http://localhost:5181/src/theme.js → 200 (190ms, 8293B)
[2026-04-16T15:27:09.964Z] GET http://localhost:5181/src/pages/Login.jsx → 200 (190ms, 18939B)
[2026-04-16T15:27:09.964Z] GET http://localhost:5181/src/pages/client/ClientLayout.jsx → 200 (190ms, 24236B)
[2026-04-16T15:27:09.964Z] GET http://localhost:5181/src/pages/admin/AdminLayout.jsx → 200 (190ms, 11511B)
[2026-04-16T15:27:09.964Z] GET http://localhost:5181/src/pages/client/Home.jsx → 200 (190ms, 17188B)
[2026-04-16T15:27:09.964Z] GET http://localhost:5181/src/pages/client/ClientProfile.jsx → 200 (191ms, 70323B)
[2026-04-16T15:27:09.964Z] GET http://localhost:5181/src/pages/client/Chat.jsx → 200 (191ms, 21051B)
[2026-04-16T15:27:09.964Z] GET http://localhost:5181/src/pages/client/AICoach.jsx → 200 (191ms, 30008B)
[2026-04-16T15:27:09.964Z] GET http://localhost:5181/src/pages/client/MyPond.jsx → 200 (191ms, 50802B)
[2026-04-16T15:27:09.964Z] GET http://localhost:5181/src/pages/admin/Dashboard.jsx → 200 (191ms, 71547B)
[2026-04-16T15:27:09.965Z] GET http://localhost:5181/src/pages/admin/Clients.jsx → 200 (190ms, 404508B)
[2026-04-16T15:27:09.965Z] GET http://localhost:5181/src/pages/admin/Girls.jsx → 200 (190ms, 338722B)
[2026-04-16T15:27:09.965Z] GET http://localhost:5181/src/pages/admin/Chat.jsx → 200 (190ms, 25357B)
[2026-04-16T15:27:09.965Z] GET http://localhost:5181/src/pages/admin/Workbench.jsx → 200 (190ms, 109604B)
[2026-04-16T15:27:09.965Z] GET http://localhost:5181/src/pages/admin/Progress.jsx → 200 (190ms, 40085B)
[2026-04-16T15:27:09.965Z] GET http://localhost:5181/node_modules/.vite/deps/react_jsx-runtime.js?v=ae983c61 → 200 (?ms, 10883B)
[2026-04-16T15:27:10.156Z] GET http://localhost:5181/src/utils/api.js → 200 (?ms, 20563B)
[2026-04-16T15:27:10.156Z] GET http://localhost:5181/node_modules/.vite/deps/socket__io-client.js?v=ae983c61 → 200 (?ms, 107945B)
[2026-04-16T15:27:10.156Z] GET http://localhost:5181/src/components/Icons.jsx → 200 (?ms, 30211B)
[2026-04-16T15:27:10.156Z] GET http://localhost:5181/src/components/client/ServiceProgressBoard.jsx → 200 (?ms, 23226B)
[2026-04-16T15:27:10.156Z] GET http://localhost:5181/src/components/RegionSelector.jsx → 200 (?ms, 118199B)
[2026-04-16T15:27:10.156Z] GET http://localhost:5181/node_modules/.vite/deps/react-icons_fi.js?v=ae983c61 → 200 (?ms, 183103B)
[2026-04-16T15:27:10.337Z] GET http://localhost:3005/api/auth/me → 200 (5ms, 248B)
[2026-04-16T15:27:10.337Z] GET http://localhost:3005/api/auth/me → 200 (4ms, 248B)
[2026-04-16T15:27:10.429Z] GET http://localhost:3005/api/clients/me → 200 (16ms, ?B)
[2026-04-16T15:27:10.429Z] GET http://localhost:3005/api/notifications → 200 (16ms, ?B)
[2026-04-16T15:27:10.429Z] GET http://localhost:3005/api/clients/me → 200 (16ms, ?B)
[2026-04-16T15:27:10.429Z] GET http://localhost:3005/api/notifications → 200 (16ms, ?B)
[2026-04-16T15:27:35.502Z] PUT http://localhost:3005/api/clients/58124f25-20cf-4c22-a77e-5c7b8b33bdf9 → 200 (3ms, ?B)
[2026-04-16T15:27:58.374Z] GET http://localhost:5181/chat → 200 (7ms, 615B)
[2026-04-16T15:27:58.397Z] GET http://localhost:5181/@vite/client → 200 (30ms, 204443B)
[2026-04-16T15:27:58.397Z] GET http://localhost:5181/src/main.jsx → 200 (3ms, 1619B)
[2026-04-16T15:27:58.398Z] GET http://localhost:5181/@react-refresh → 200 (29ms, 111894B)
[2026-04-16T15:27:58.413Z] GET http://localhost:5181/node_modules/.vite/deps/react.js?v=ae983c61 → 200 (?ms, 38303B)
[2026-04-16T15:27:58.414Z] GET http://localhost:5181/node_modules/.vite/deps/react-dom_client.js?v=ae983c61 → 200 (?ms, 820982B)
[2026-04-16T15:27:58.414Z] GET http://localhost:5181/src/index.css → 200 (13ms, 804B)
[2026-04-16T15:27:58.414Z] GET http://localhost:5181/src/App.jsx → 200 (13ms, 16030B)
[2026-04-16T15:27:58.414Z] GET http://localhost:5181/node_modules/.vite/deps/react_jsx-dev-runtime.js?v=ae983c61 → 200 (?ms, 10573B)
[2026-04-16T15:27:58.416Z] GET http://localhost:5181/node_modules/.vite/deps/chunk-D6g4UhsZ.js?v=ae983c61 → 200 (?ms, 8997B)
[2026-04-16T15:27:58.416Z] GET http://localhost:5181/node_modules/.vite/deps/react-dom.js?v=ae983c61 → 200 (?ms, 14630B)
[2026-04-16T15:27:58.427Z] GET http://localhost:5181/node_modules/vite/dist/client/env.mjs → 200 (1ms, ?B)
[2026-04-16T15:27:58.427Z] GET http://localhost:5181/node_modules/.vite/deps/react-router-dom.js?v=ae983c61 → 200 (?ms, 393695B)
[2026-04-16T15:27:58.428Z] GET http://localhost:5181/node_modules/.vite/deps/@chakra-ui_react.js?v=ae983c61 → 200 (?ms, ?B)
[2026-04-16T15:27:58.428Z] GET http://localhost:5181/src/contexts/AuthContext.jsx → 200 (4ms, ?B)
[2026-04-16T15:27:58.428Z] GET http://localhost:5181/src/contexts/SocketContext.jsx → 200 (4ms, ?B)
[2026-04-16T15:27:58.428Z] GET http://localhost:5181/src/theme.js → 200 (5ms, ?B)
[2026-04-16T15:27:58.428Z] GET http://localhost:5181/src/pages/Login.jsx → 200 (5ms, ?B)
[2026-04-16T15:27:58.428Z] GET http://localhost:5181/src/pages/client/ClientLayout.jsx → 200 (5ms, ?B)
[2026-04-16T15:27:58.428Z] GET http://localhost:5181/src/pages/admin/AdminLayout.jsx → 200 (5ms, ?B)
[2026-04-16T15:27:58.428Z] GET http://localhost:5181/src/pages/client/Home.jsx → 200 (5ms, ?B)
[2026-04-16T15:27:58.428Z] GET http://localhost:5181/src/pages/client/ClientProfile.jsx → pending (?ms, ?B)
[2026-04-16T15:27:58.428Z] GET http://localhost:5181/src/pages/client/Chat.jsx → 200 (7ms, ?B)
[2026-04-16T15:27:58.428Z] GET http://localhost:5181/src/pages/client/AICoach.jsx → 200 (74ms, ?B)
[2026-04-16T15:27:58.428Z] GET http://localhost:5181/src/pages/client/MyPond.jsx → pending (?ms, ?B)
[2026-04-16T15:27:58.428Z] GET http://localhost:5181/src/pages/admin/Dashboard.jsx → pending (?ms, ?B)
[2026-04-16T15:27:58.428Z] GET http://localhost:5181/src/pages/admin/Clients.jsx → pending (?ms, ?B)
[2026-04-16T15:27:58.428Z] GET http://localhost:5181/src/pages/admin/Girls.jsx → pending (?ms, ?B)
[2026-04-16T15:27:58.428Z] GET http://localhost:5181/src/pages/admin/Chat.jsx → pending (?ms, ?B)
[2026-04-16T15:27:58.428Z] GET http://localhost:5181/src/pages/admin/Workbench.jsx → pending (?ms, ?B)
[2026-04-16T15:27:58.428Z] GET http://localhost:5181/src/pages/admin/Progress.jsx → pending (?ms, ?B)
[2026-04-16T15:27:58.428Z] GET http://localhost:5181/node_modules/.vite/deps/react_jsx-runtime.js?v=ae983c61 → 200 (?ms, ?B)
[2026-04-16T15:27:58.433Z] GET http://localhost:5181/src/utils/api.js → pending (?ms, ?B)
[2026-04-16T15:27:58.433Z] GET http://localhost:5181/node_modules/.vite/deps/socket__io-client.js?v=ae983c61 → 200 (?ms, ?B)
[2026-04-16T15:27:58.433Z] GET http://localhost:5181/src/components/Icons.jsx → pending (?ms, ?B)
[2026-04-16T15:27:58.433Z] GET http://localhost:5181/src/components/client/ServiceProgressBoard.jsx → pending (?ms, ?B)
[2026-04-16T15:27:58.652Z] GET http://localhost:5181/src/components/RegionSelector.jsx → 200 (1ms, 118199B)
[2026-04-16T15:27:58.652Z] GET http://localhost:5181/node_modules/.vite/deps/react-icons_fi.js?v=ae983c61 → 200 (?ms, 183103B)
[2026-04-16T15:27:58.863Z] GET http://localhost:3005/api/auth/me → 200 (2ms, 248B)
[2026-04-16T15:27:58.863Z] GET http://localhost:3005/api/auth/me → 200 (1ms, 248B)
[2026-04-16T15:27:59.017Z] GET http://localhost:3005/api/chat/sessions → 200 (25ms, 915B)
[2026-04-16T15:27:59.017Z] GET http://localhost:3005/api/notifications → 200 (25ms, 51B)
[2026-04-16T15:27:59.040Z] GET http://localhost:3005/api/chat/sessions → 200 (1ms, 915B)
[2026-04-16T15:27:59.040Z] GET http://localhost:3005/api/notifications → 200 (1ms, 51B)
[2026-04-16T15:27:59.111Z] GET http://localhost:3005/api/chat/sessions/b4e94db7-7145-4dbe-a92d-6959e3348c70/messages → 200 (17ms, 704B)
