[2026-04-16T04:28:41.519Z] GET http://localhost:3005/ → 404 (5ms, 139B)
[2026-04-16T04:28:46.874Z] GET http://localhost:5173/ → 200 (4ms, 798B)
[2026-04-16T04:28:46.885Z] GET http://localhost:5173/@vite/client → 200 (24ms, 137703B)
[2026-04-16T04:28:46.885Z] GET http://localhost:5173/fonts/material-symbols-outlined.woff2 → pending (?ms, ?B)
[2026-04-16T04:28:46.885Z] GET http://localhost:5173/src/main.tsx → 200 (21ms, 2156B)
[2026-04-16T04:28:46.886Z] GET http://localhost:5173/@react-refresh → 200 (66ms, 117548B)
[2026-04-16T04:28:46.924Z] GET http://localhost:5173/node_modules/.vite/deps/react_jsx-dev-runtime.js?v=1b9989ba → 200 (23ms, 37035B)
[2026-04-16T04:28:46.925Z] GET http://localhost:5173/node_modules/.vite/deps/react.js?v=1b9989ba → 200 (18ms, 219B)
[2026-04-16T04:28:46.925Z] GET http://localhost:5173/node_modules/.vite/deps/react-dom_client.js?v=1b9989ba → 200 (21ms, 1118B)
[2026-04-16T04:28:46.925Z] GET http://localhost:5173/src/App.tsx → 200 (28ms, 149860B)
[2026-04-16T04:28:46.925Z] GET http://localhost:5173/src/index.css → 200 (24ms, 59826B)
[2026-04-16T04:28:46.926Z] GET http://localhost:5173/node_modules/vite/dist/client/env.mjs → 200 (26ms, 4021B)
[2026-04-16T04:28:46.945Z] GET http://localhost:5173/node_modules/.vite/deps/chunk-DRWLMN53.js?v=1b9989ba → 200 (8ms, 77818B)
[2026-04-16T04:28:46.945Z] GET http://localhost:5173/node_modules/.vite/deps/chunk-G3PMV62Z.js?v=1b9989ba → 200 (7ms, 1540B)
[2026-04-16T04:28:46.947Z] GET http://localhost:5173/node_modules/.vite/deps/chunk-PJEEZAML.js?v=1b9989ba → pending (?ms, ?B)
[2026-04-16T04:28:47.008Z] GET http://localhost:5173/src/components/Login.tsx → 200 (20ms, ?B)
[2026-04-16T04:28:47.008Z] GET http://localhost:5173/src/components/TopNavbar.tsx → 200 (56ms, ?B)
[2026-04-16T04:28:47.008Z] GET http://localhost:5173/src/components/EventsPage.tsx → 200 (132ms, ?B)
[2026-04-16T04:28:47.010Z] GET http://localhost:5173/src/components/EventmanagePage.tsx → 200 (130ms, ?B)
[2026-04-16T04:28:47.010Z] GET http://localhost:5173/src/components/EventChainPage.tsx → pending (?ms, ?B)
[2026-04-16T04:28:47.010Z] GET http://localhost:5173/src/components/TaskDetailPage.tsx → pending (?ms, ?B)
[2026-04-16T04:28:47.010Z] GET http://localhost:5173/src/components/TaskExecutionPage.tsx → 200 (134ms, ?B)
[2026-04-16T04:28:47.010Z] GET http://localhost:5173/src/components/TaskReviewPage.tsx → 200 (135ms, ?B)
[2026-04-16T04:28:47.011Z] GET http://localhost:5173/src/components/TaskListPage.tsx → pending (?ms, ?B)
[2026-04-16T04:28:47.011Z] GET http://localhost:5173/src/components/DataListPage.tsx → pending (?ms, ?B)
[2026-04-16T04:28:47.014Z] GET http://localhost:5173/src/components/DataPage.tsx → pending (?ms, ?B)
[2026-04-16T04:28:47.014Z] GET http://localhost:5173/src/components/DataChainPage.tsx → pending (?ms, ?B)
[2026-04-16T04:28:47.014Z] GET http://localhost:5173/src/components/DataChainDetailPage.tsx → pending (?ms, ?B)
[2026-04-16T04:28:47.014Z] GET http://localhost:5173/src/components/DataReviewPage.tsx → pending (?ms, ?B)
[2026-04-16T04:28:47.014Z] GET http://localhost:5173/src/components/EventDataDetailPage.tsx → pending (?ms, ?B)
[2026-04-16T04:28:47.014Z] GET http://localhost:5173/src/components/HomePage.tsx → pending (?ms, ?B)
[2026-04-16T04:28:47.014Z] GET http://localhost:5173/src/components/AdminPage.tsx → pending (?ms, ?B)
[2026-04-16T04:28:47.014Z] GET http://localhost:5173/src/components/ProfilePage.tsx → pending (?ms, ?B)
[2026-04-16T04:28:47.014Z] GET http://localhost:5173/src/components/VisualizationPage.tsx → pending (?ms, ?B)
[2026-04-16T04:28:47.014Z] GET http://localhost:5173/src/components/ToolsPage.tsx → pending (?ms, ?B)
[2026-04-16T04:28:47.014Z] GET http://localhost:5173/src/components/ApplicationPage.tsx → pending (?ms, ?B)
[2026-04-16T04:28:47.014Z] GET http://localhost:5173/src/components/PurchaseRequestPage.tsx → pending (?ms, ?B)
[2026-04-16T04:28:47.015Z] GET http://localhost:5173/src/components/BasicSettingsPage.tsx → pending (?ms, ?B)
[2026-04-16T04:28:47.015Z] GET http://localhost:5173/src/components/OrganizationalChartPage.tsx → pending (?ms, ?B)
[2026-04-16T04:28:47.021Z] GET http://localhost:5173/src/components/SupplierPage.tsx → pending (?ms, ?B)
[2026-04-16T04:28:47.021Z] GET http://localhost:5173/src/components/ClientPage.tsx → pending (?ms, ?B)
[2026-04-16T04:28:47.021Z] GET http://localhost:5173/src/components/EmployeePage.tsx → pending (?ms, ?B)
[2026-04-16T04:28:47.021Z] GET http://localhost:5173/src/components/InvoicePage.tsx → pending (?ms, ?B)
[2026-04-16T04:28:47.021Z] GET http://localhost:5173/src/components/IssuedInvoicePage.tsx → pending (?ms, ?B)
[2026-04-16T04:28:47.021Z] GET http://localhost:5173/src/components/AccountingSubjectPage.tsx → pending (?ms, ?B)
[2026-04-16T04:28:47.021Z] GET http://localhost:5173/src/components/FinancialReportPage.tsx → pending (?ms, ?B)
[2026-04-16T04:28:47.021Z] GET http://localhost:5173/src/components/JournalPage.tsx → pending (?ms, ?B)
[2026-04-16T04:28:47.022Z] GET http://localhost:5173/src/components/DataManagePage.tsx → pending (?ms, ?B)
[2026-04-16T04:28:47.022Z] GET http://localhost:5173/src/components/StockYJPage.tsx → pending (?ms, ?B)
[2026-04-16T04:28:47.024Z] GET http://localhost:5173/src/components/StockOrderPage.tsx → pending (?ms, ?B)
[2026-04-16T04:28:47.024Z] GET http://localhost:5173/src/components/StockInPage.tsx → pending (?ms, ?B)
[2026-04-16T04:28:47.024Z] GET http://localhost:5173/src/components/StockOutPage.tsx → pending (?ms, ?B)
[2026-04-16T04:28:47.025Z] GET http://localhost:5173/src/components/StockReportPage.tsx → pending (?ms, ?B)
[2026-04-16T04:28:47.025Z] GET http://localhost:5173/src/components/ProductPage.tsx → pending (?ms, ?B)
[2026-04-16T04:28:47.025Z] GET http://localhost:5173/src/components/WarehousePage.tsx → pending (?ms, ?B)
[2026-04-16T04:28:47.025Z] GET http://localhost:5173/src/components/WarehouseCapacityPage.tsx → pending (?ms, ?B)
[2026-04-16T04:28:47.025Z] GET http://localhost:5173/src/components/PaymentOrderPage.tsx → pending (?ms, ?B)
[2026-04-16T04:28:47.025Z] GET http://localhost:5173/src/components/SellOrderPage.tsx → pending (?ms, ?B)
[2026-04-16T04:28:47.025Z] GET http://localhost:5173/src/components/IncomeOrderPage.tsx → pending (?ms, ?B)
[2026-04-16T04:28:47.025Z] GET http://localhost:5173/src/components/RejectOrderPage.tsx → pending (?ms, ?B)
[2026-04-16T04:28:47.025Z] GET http://localhost:5173/src/components/DrawPlanPage.tsx → pending (?ms, ?B)
[2026-04-16T04:28:47.025Z] GET http://localhost:5173/src/components/ProduceOrderPage.tsx → pending (?ms, ?B)
[2026-04-16T04:28:47.025Z] GET http://localhost:5173/src/components/FundAccountPage.tsx → pending (?ms, ?B)
[2026-04-16T04:28:47.025Z] GET http://localhost:5173/src/components/ChatSidebar.tsx → pending (?ms, ?B)
[2026-04-16T04:28:47.025Z] GET http://localhost:5173/src/components/MessagePage.tsx → pending (?ms, ?B)
[2026-04-16T04:28:47.025Z] GET http://localhost:5173/src/components/NewsPage.tsx → pending (?ms, ?B)
[2026-04-16T04:28:47.025Z] GET http://localhost:5173/src/components/UserSettingsPage.tsx → pending (?ms, ?B)
[2026-04-16T04:28:47.025Z] GET http://localhost:5173/src/components/DraggableAIBtn.tsx → pending (?ms, ?B)
[2026-04-16T04:28:47.025Z] GET http://localhost:5173/src/components/AIReadingPage.tsx → pending (?ms, ?B)
[2026-04-16T04:28:47.025Z] GET http://localhost:5173/src/components/AccountManagementPage.tsx → pending (?ms, ?B)
[2026-04-16T04:28:47.025Z] GET http://localhost:5173/src/components/ResponsibilitySettingsPage.tsx → pending (?ms, ?B)
[2026-04-16T04:28:47.025Z] GET http://localhost:5173/src/components/PermissionSettingsPage.tsx → pending (?ms, ?B)
[2026-04-16T04:28:47.025Z] GET http://localhost:5173/src/components/OperationLogPage.tsx → pending (?ms, ?B)
[2026-04-16T04:28:47.026Z] GET http://localhost:5173/src/components/EventTemplatesPage.tsx → pending (?ms, ?B)
[2026-04-16T04:28:47.026Z] GET http://localhost:5173/src/components/EventChainTemplatePage.tsx → pending (?ms, ?B)
[2026-04-16T04:28:47.026Z] GET http://localhost:5173/src/components/ProcessChainTemplatePage.tsx → pending (?ms, ?B)
[2026-04-16T04:28:47.026Z] GET http://localhost:5173/src/components/TaskTemplatePage.tsx → pending (?ms, ?B)
[2026-04-16T04:28:47.026Z] GET http://localhost:5173/src/components/DataTemplatesPage.tsx → pending (?ms, ?B)
[2026-04-16T04:28:47.026Z] GET http://localhost:5173/src/components/DataChainTemplatePage.tsx → pending (?ms, ?B)
[2026-04-16T04:28:47.026Z] GET http://localhost:5173/src/components/ProcessInfoTemplatePage.tsx → pending (?ms, ?B)
[2026-04-16T04:28:47.026Z] GET http://localhost:5173/src/components/DataBlockTemplatePage.tsx → pending (?ms, ?B)
[2026-04-16T04:28:47.162Z] GET http://localhost:5173/src/components/Login.css → 200 (73ms, 6090B)
[2026-04-16T04:28:47.191Z] GET http://localhost:5173/src/icons/home.svg?import → 200 (45ms, 351B)
[2026-04-16T04:28:47.191Z] GET http://localhost:5173/src/icons/project.svg?import → 200 (45ms, 362B)
[2026-04-16T04:28:47.191Z] GET http://localhost:5173/src/icons/team.svg?import → 200 (59ms, 351B)
[2026-04-16T04:28:47.191Z] GET http://localhost:5173/src/icons/message.svg?import → 200 (60ms, 362B)
[2026-04-16T04:28:47.191Z] GET http://localhost:5173/src/icons/database.svg?import → 200 (60ms, 367B)
[2026-04-16T04:28:47.191Z] GET http://localhost:5173/src/icons/visualization.svg?import → 200 (60ms, 384B)
[2026-04-16T04:28:47.191Z] GET http://localhost:5173/src/icons/news.svg?import → 200 (60ms, 351B)
[2026-04-16T04:28:47.191Z] GET http://localhost:5173/src/icons/ai.svg?import → 200 (60ms, 345B)
[2026-04-16T04:28:47.191Z] GET http://localhost:5173/src/icons/app.svg?import → 200 (60ms, 346B)
[2026-04-16T04:28:47.235Z] GET http://localhost:5173/node_modules/.vite/deps/antd.js?v=1b9989ba → 200 (587ms, ?B)
[2026-04-16T04:28:47.236Z] GET http://localhost:5173/src/components/ToolsPage.module.scss → 200 (102ms, 16361B)
[2026-04-16T04:28:47.236Z] GET http://localhost:5173/node_modules/.vite/deps/dayjs.js?v=1b9989ba → 200 (101ms, 227B)
[2026-04-16T04:28:47.236Z] GET http://localhost:5173/src/components/ApplicationPage.module.scss → 200 (102ms, 48991B)
[2026-04-16T04:28:47.251Z] GET http://localhost:5173/node_modules/.vite/deps/axios.js?v=1b9989ba → 200 (88ms, 84021B)
[2026-04-16T04:28:47.251Z] GET http://localhost:5173/node_modules/.vite/deps/@ant-design_icons.js?v=1b9989ba → 200 (570ms, 1268911B)
[2026-04-16T04:28:47.252Z] GET http://localhost:5173/src/components/UserSettingsPage.module.scss → 200 (218ms, 21859B)
[2026-04-16T04:28:47.252Z] GET http://localhost:5173/src/components/MessagePage.module.scss → 200 (217ms, 60071B)
[2026-04-16T04:28:47.279Z] GET http://localhost:5173/src/components/NewsPage.module.scss → 200 (303ms, 54581B)
[2026-04-16T04:28:47.822Z] GET http://localhost:5173/node_modules/.vite/deps/chunk-QZC7O2C6.js?v=1b9989ba → 200 (2ms, ?B)
[2026-04-16T04:28:47.823Z] GET http://localhost:5173/node_modules/.vite/deps/chunk-ZDBJOGHJ.js?v=1b9989ba → 200 (9ms, ?B)
[2026-04-16T04:28:48.483Z] GET http://localhost:5173/fonts/material-symbols-outlined.woff2 → 200 (161ms, 3363900B)
[2026-04-16T04:29:00.055Z] GET http://localhost:5173/login → 200 (5ms, 798B)
[2026-04-16T04:29:00.066Z] GET http://localhost:5173/@vite/client → 200 (7ms, 137703B)
[2026-04-16T04:29:00.070Z] GET http://localhost:5173/fonts/material-symbols-outlined.woff2 → pending (?ms, ?B)
[2026-04-16T04:29:00.070Z] GET http://localhost:5173/src/main.tsx → 200 (3ms, 2156B)
[2026-04-16T04:29:00.073Z] GET http://localhost:5173/@react-refresh → 200 (2ms, ?B)
[2026-04-16T04:29:00.073Z] GET http://localhost:5173/node_modules/.vite/deps/react_jsx-dev-runtime.js?v=1b9989ba → 200 (?ms, 37035B)
[2026-04-16T04:29:00.073Z] GET http://localhost:5173/node_modules/.vite/deps/react.js?v=1b9989ba → 200 (?ms, 219B)
[2026-04-16T04:29:00.074Z] GET http://localhost:5173/node_modules/.vite/deps/react-dom_client.js?v=1b9989ba → 200 (?ms, 1118B)
[2026-04-16T04:29:00.074Z] GET http://localhost:5173/src/App.tsx → 200 (4ms, ?B)
[2026-04-16T04:29:00.074Z] GET http://localhost:5173/src/index.css → 200 (2ms, ?B)
[2026-04-16T04:29:00.074Z] GET http://localhost:5173/node_modules/vite/dist/client/env.mjs → 200 (4ms, ?B)
[2026-04-16T04:29:00.074Z] GET http://localhost:5173/node_modules/.vite/deps/chunk-DRWLMN53.js?v=1b9989ba → 200 (?ms, 77818B)
[2026-04-16T04:29:00.074Z] GET http://localhost:5173/node_modules/.vite/deps/chunk-G3PMV62Z.js?v=1b9989ba → 200 (?ms, 1540B)
[2026-04-16T04:29:00.074Z] GET http://localhost:5173/node_modules/.vite/deps/chunk-PJEEZAML.js?v=1b9989ba → 200 (?ms, ?B)
[2026-04-16T04:29:00.080Z] GET http://localhost:5173/src/components/Login.tsx → pending (?ms, ?B)
[2026-04-16T04:29:00.081Z] GET http://localhost:5173/src/components/TopNavbar.tsx → pending (?ms, ?B)
[2026-04-16T04:29:00.081Z] GET http://localhost:5173/src/components/EventsPage.tsx → pending (?ms, ?B)
[2026-04-16T04:29:00.081Z] GET http://localhost:5173/src/components/EventmanagePage.tsx → pending (?ms, ?B)
[2026-04-16T04:29:00.082Z] GET http://localhost:5173/src/components/EventChainPage.tsx → pending (?ms, ?B)
[2026-04-16T04:29:00.082Z] GET http://localhost:5173/src/components/TaskDetailPage.tsx → pending (?ms, ?B)
[2026-04-16T04:29:00.082Z] GET http://localhost:5173/src/components/TaskExecutionPage.tsx → pending (?ms, ?B)
[2026-04-16T04:29:00.082Z] GET http://localhost:5173/src/components/TaskReviewPage.tsx → pending (?ms, ?B)
[2026-04-16T04:29:00.082Z] GET http://localhost:5173/src/components/TaskListPage.tsx → pending (?ms, ?B)
[2026-04-16T04:29:00.082Z] GET http://localhost:5173/src/components/DataListPage.tsx → pending (?ms, ?B)
[2026-04-16T04:29:00.082Z] GET http://localhost:5173/src/components/DataPage.tsx → pending (?ms, ?B)
[2026-04-16T04:29:00.082Z] GET http://localhost:5173/src/components/DataChainPage.tsx → pending (?ms, ?B)
[2026-04-16T04:29:00.082Z] GET http://localhost:5173/src/components/DataChainDetailPage.tsx → pending (?ms, ?B)
[2026-04-16T04:29:00.082Z] GET http://localhost:5173/src/components/DataReviewPage.tsx → pending (?ms, ?B)
[2026-04-16T04:29:00.082Z] GET http://localhost:5173/src/components/EventDataDetailPage.tsx → pending (?ms, ?B)
[2026-04-16T04:29:00.082Z] GET http://localhost:5173/src/components/HomePage.tsx → pending (?ms, ?B)
[2026-04-16T04:29:00.082Z] GET http://localhost:5173/src/components/AdminPage.tsx → pending (?ms, ?B)
[2026-04-16T04:29:00.082Z] GET http://localhost:5173/src/components/ProfilePage.tsx → pending (?ms, ?B)
[2026-04-16T04:29:00.082Z] GET http://localhost:5173/src/components/VisualizationPage.tsx → pending (?ms, ?B)
[2026-04-16T04:29:00.093Z] GET http://localhost:5173/src/components/ToolsPage.tsx → pending (?ms, ?B)
[2026-04-16T04:29:00.093Z] GET http://localhost:5173/src/components/ApplicationPage.tsx → pending (?ms, ?B)
[2026-04-16T04:29:00.093Z] GET http://localhost:5173/src/components/PurchaseRequestPage.tsx → pending (?ms, ?B)
[2026-04-16T04:29:00.093Z] GET http://localhost:5173/src/components/BasicSettingsPage.tsx → pending (?ms, ?B)
[2026-04-16T04:29:00.093Z] GET http://localhost:5173/src/components/OrganizationalChartPage.tsx → pending (?ms, ?B)
[2026-04-16T04:29:00.093Z] GET http://localhost:5173/src/components/SupplierPage.tsx → pending (?ms, ?B)
[2026-04-16T04:29:00.093Z] GET http://localhost:5173/src/components/ClientPage.tsx → pending (?ms, ?B)
[2026-04-16T04:29:00.093Z] GET http://localhost:5173/src/components/EmployeePage.tsx → pending (?ms, ?B)
[2026-04-16T04:29:00.093Z] GET http://localhost:5173/src/components/InvoicePage.tsx → pending (?ms, ?B)
[2026-04-16T04:29:00.093Z] GET http://localhost:5173/src/components/IssuedInvoicePage.tsx → pending (?ms, ?B)
[2026-04-16T04:29:00.093Z] GET http://localhost:5173/src/components/AccountingSubjectPage.tsx → pending (?ms, ?B)
[2026-04-16T04:29:00.094Z] GET http://localhost:5173/src/components/FinancialReportPage.tsx → pending (?ms, ?B)
[2026-04-16T04:29:00.094Z] GET http://localhost:5173/src/components/JournalPage.tsx → pending (?ms, ?B)
[2026-04-16T04:29:00.094Z] GET http://localhost:5173/src/components/DataManagePage.tsx → pending (?ms, ?B)
[2026-04-16T04:29:00.094Z] GET http://localhost:5173/src/components/StockYJPage.tsx → pending (?ms, ?B)
[2026-04-16T04:29:00.094Z] GET http://localhost:5173/src/components/StockOrderPage.tsx → pending (?ms, ?B)
[2026-04-16T04:29:00.094Z] GET http://localhost:5173/src/components/StockInPage.tsx → pending (?ms, ?B)
[2026-04-16T04:29:00.094Z] GET http://localhost:5173/src/components/StockOutPage.tsx → pending (?ms, ?B)
[2026-04-16T04:29:00.094Z] GET http://localhost:5173/src/components/StockReportPage.tsx → pending (?ms, ?B)
[2026-04-16T04:29:00.094Z] GET http://localhost:5173/src/components/ProductPage.tsx → pending (?ms, ?B)
[2026-04-16T04:29:00.094Z] GET http://localhost:5173/src/components/WarehousePage.tsx → pending (?ms, ?B)
[2026-04-16T04:29:00.094Z] GET http://localhost:5173/src/components/WarehouseCapacityPage.tsx → pending (?ms, ?B)
[2026-04-16T04:29:00.094Z] GET http://localhost:5173/src/components/PaymentOrderPage.tsx → pending (?ms, ?B)
[2026-04-16T04:29:00.094Z] GET http://localhost:5173/src/components/SellOrderPage.tsx → pending (?ms, ?B)
[2026-04-16T04:29:00.094Z] GET http://localhost:5173/src/components/IncomeOrderPage.tsx → pending (?ms, ?B)
[2026-04-16T04:29:00.094Z] GET http://localhost:5173/src/components/RejectOrderPage.tsx → pending (?ms, ?B)
[2026-04-16T04:29:00.094Z] GET http://localhost:5173/src/components/DrawPlanPage.tsx → pending (?ms, ?B)
[2026-04-16T04:29:00.094Z] GET http://localhost:5173/src/components/ProduceOrderPage.tsx → pending (?ms, ?B)
[2026-04-16T04:29:00.094Z] GET http://localhost:5173/src/components/FundAccountPage.tsx → pending (?ms, ?B)
[2026-04-16T04:29:00.094Z] GET http://localhost:5173/src/components/ChatSidebar.tsx → pending (?ms, ?B)
[2026-04-16T04:29:00.094Z] GET http://localhost:5173/src/components/MessagePage.tsx → pending (?ms, ?B)
[2026-04-16T04:29:00.094Z] GET http://localhost:5173/src/components/NewsPage.tsx → pending (?ms, ?B)
[2026-04-16T04:29:00.095Z] GET http://localhost:5173/src/components/UserSettingsPage.tsx → pending (?ms, ?B)
[2026-04-16T04:29:00.095Z] GET http://localhost:5173/src/components/DraggableAIBtn.tsx → pending (?ms, ?B)
[2026-04-16T04:29:00.095Z] GET http://localhost:5173/src/components/AIReadingPage.tsx → pending (?ms, ?B)
[2026-04-16T04:29:00.095Z] GET http://localhost:5173/src/components/AccountManagementPage.tsx → pending (?ms, ?B)
[2026-04-16T04:29:00.095Z] GET http://localhost:5173/src/components/ResponsibilitySettingsPage.tsx → pending (?ms, ?B)
[2026-04-16T04:29:00.096Z] GET http://localhost:5173/src/components/PermissionSettingsPage.tsx → pending (?ms, ?B)
[2026-04-16T04:29:00.105Z] GET http://localhost:5173/src/components/OperationLogPage.tsx → pending (?ms, ?B)
[2026-04-16T04:29:00.105Z] GET http://localhost:5173/src/components/EventTemplatesPage.tsx → pending (?ms, ?B)
[2026-04-16T04:29:00.105Z] GET http://localhost:5173/src/components/EventChainTemplatePage.tsx → pending (?ms, ?B)
[2026-04-16T04:29:00.106Z] GET http://localhost:5173/src/components/ProcessChainTemplatePage.tsx → pending (?ms, ?B)
[2026-04-16T04:29:00.106Z] GET http://localhost:5173/src/components/TaskTemplatePage.tsx → pending (?ms, ?B)
[2026-04-16T04:29:00.106Z] GET http://localhost:5173/src/components/DataTemplatesPage.tsx → pending (?ms, ?B)
[2026-04-16T04:29:00.106Z] GET http://localhost:5173/src/components/DataChainTemplatePage.tsx → pending (?ms, ?B)
[2026-04-16T04:29:00.106Z] GET http://localhost:5173/src/components/ProcessInfoTemplatePage.tsx → pending (?ms, ?B)
[2026-04-16T04:29:00.106Z] GET http://localhost:5173/src/components/DataBlockTemplatePage.tsx → pending (?ms, ?B)
[2026-04-16T04:29:00.326Z] GET http://localhost:5173/src/components/Login.css → 200 (1ms, 6090B)
[2026-04-16T04:29:00.326Z] GET http://localhost:5173/node_modules/.vite/deps/antd.js?v=1b9989ba → 200 (598ms, ?B)
[2026-04-16T04:29:00.326Z] GET http://localhost:5173/src/icons/home.svg?import → 200 (18ms, 351B)
[2026-04-16T04:29:00.326Z] GET http://localhost:5173/src/icons/project.svg?import → 200 (18ms, 362B)
[2026-04-16T04:29:00.326Z] GET http://localhost:5173/src/icons/team.svg?import → 200 (19ms, 351B)
[2026-04-16T04:29:00.326Z] GET http://localhost:5173/src/icons/message.svg?import → 200 (18ms, 362B)
[2026-04-16T04:29:00.326Z] GET http://localhost:5173/src/icons/database.svg?import → 200 (18ms, 367B)
[2026-04-16T04:29:00.326Z] GET http://localhost:5173/src/icons/visualization.svg?import → 200 (18ms, 384B)
[2026-04-16T04:29:00.326Z] GET http://localhost:5173/src/icons/news.svg?import → 200 (18ms, 351B)
[2026-04-16T04:29:00.326Z] GET http://localhost:5173/src/icons/ai.svg?import → 200 (18ms, 345B)
[2026-04-16T04:29:00.326Z] GET http://localhost:5173/src/icons/app.svg?import → 200 (18ms, 346B)
[2026-04-16T04:29:00.326Z] GET http://localhost:5173/node_modules/.vite/deps/dayjs.js?v=1b9989ba → 200 (?ms, 227B)
[2026-04-16T04:29:00.326Z] GET http://localhost:5173/src/components/ApplicationPage.module.scss → 200 (19ms, 48991B)
[2026-04-16T04:29:00.326Z] GET http://localhost:5173/src/components/ToolsPage.module.scss → 200 (19ms, 16361B)
[2026-04-16T04:29:00.326Z] GET http://localhost:5173/node_modules/.vite/deps/@ant-design_icons.js?v=1b9989ba → 200 (?ms, 1268911B)
[2026-04-16T04:29:00.327Z] GET http://localhost:5173/node_modules/.vite/deps/axios.js?v=1b9989ba → 200 (?ms, 84021B)
[2026-04-16T04:29:00.327Z] GET http://localhost:5173/src/components/MessagePage.module.scss → 200 (18ms, 60071B)
[2026-04-16T04:29:00.327Z] GET http://localhost:5173/src/components/UserSettingsPage.module.scss → 200 (18ms, 21859B)
[2026-04-16T04:29:00.327Z] GET http://localhost:5173/src/components/NewsPage.module.scss → 200 (18ms, 54581B)
[2026-04-16T04:29:00.327Z] GET http://localhost:5173/node_modules/.vite/deps/chunk-QZC7O2C6.js?v=1b9989ba → 200 (?ms, 12710B)
[2026-04-16T04:29:00.327Z] GET http://localhost:5173/node_modules/.vite/deps/chunk-ZDBJOGHJ.js?v=1b9989ba → 200 (?ms, 118332B)
[2026-04-16T04:29:01.248Z] GET http://localhost:5173/fonts/material-symbols-outlined.woff2 → 200 (218ms, 3363900B)
[2026-04-16T04:29:15.862Z] GET http://localhost:5173/yutang → 200 (5ms, 798B)
[2026-04-16T04:29:15.882Z] GET http://localhost:5173/@vite/client → 200 (7ms, 137703B)
[2026-04-16T04:29:15.882Z] GET http://localhost:5173/fonts/material-symbols-outlined.woff2 → 200 (246ms, ?B)
[2026-04-16T04:29:15.882Z] GET http://localhost:5173/src/main.tsx → 200 (2ms, 2156B)
[2026-04-16T04:29:15.882Z] GET http://localhost:5173/@react-refresh → 200 (7ms, 117548B)
[2026-04-16T04:29:15.884Z] GET http://localhost:5173/node_modules/.vite/deps/react_jsx-dev-runtime.js?v=1b9989ba → 200 (?ms, 37035B)
[2026-04-16T04:29:15.885Z] GET http://localhost:5173/node_modules/.vite/deps/react.js?v=1b9989ba → 200 (1ms, 219B)
[2026-04-16T04:29:15.888Z] GET http://localhost:5173/node_modules/.vite/deps/react-dom_client.js?v=1b9989ba → 200 (?ms, 1118B)
[2026-04-16T04:29:15.888Z] GET http://localhost:5173/src/App.tsx → 200 (21ms, 149860B)
[2026-04-16T04:29:15.888Z] GET http://localhost:5173/src/index.css → 200 (20ms, 59826B)
[2026-04-16T04:29:15.888Z] GET http://localhost:5173/node_modules/.vite/deps/chunk-DRWLMN53.js?v=1b9989ba → 200 (?ms, 77818B)
[2026-04-16T04:29:15.889Z] GET http://localhost:5173/node_modules/.vite/deps/chunk-G3PMV62Z.js?v=1b9989ba → 200 (?ms, 1540B)
[2026-04-16T04:29:15.889Z] GET http://localhost:5173/node_modules/.vite/deps/chunk-PJEEZAML.js?v=1b9989ba → 200 (?ms, 928095B)
[2026-04-16T04:29:15.889Z] GET http://localhost:5173/node_modules/vite/dist/client/env.mjs → 200 (14ms, 4021B)
[2026-04-16T04:29:15.924Z] GET http://localhost:5173/src/components/Login.tsx → 200 (13ms, 53818B)
[2026-04-16T04:29:15.924Z] GET http://localhost:5173/src/components/TopNavbar.tsx → 200 (176ms, 151494B)
[2026-04-16T04:29:15.924Z] GET http://localhost:5173/src/components/EventsPage.tsx → 200 (190ms, ?B)
[2026-04-16T04:29:15.925Z] GET http://localhost:5173/src/components/EventmanagePage.tsx → 200 (173ms, 50741B)
[2026-04-16T04:29:15.925Z] GET http://localhost:5173/src/components/EventChainPage.tsx → 200 (198ms, ?B)
[2026-04-16T04:29:15.925Z] GET http://localhost:5173/src/components/TaskDetailPage.tsx → 200 (178ms, ?B)
[2026-04-16T04:29:15.925Z] GET http://localhost:5173/src/components/TaskExecutionPage.tsx → 200 (176ms, 36882B)
[2026-04-16T04:29:15.925Z] GET http://localhost:5173/src/components/TaskReviewPage.tsx → 200 (176ms, 42674B)
[2026-04-16T04:29:15.925Z] GET http://localhost:5173/src/components/TaskListPage.tsx → 200 (176ms, 71583B)
[2026-04-16T04:29:15.925Z] GET http://localhost:5173/src/components/DataListPage.tsx → 200 (176ms, 65430B)
[2026-04-16T04:29:15.925Z] GET http://localhost:5173/src/components/DataPage.tsx → 200 (178ms, ?B)
[2026-04-16T04:29:15.925Z] GET http://localhost:5173/src/components/DataChainPage.tsx → 200 (176ms, 36046B)
[2026-04-16T04:29:15.925Z] GET http://localhost:5173/src/components/DataChainDetailPage.tsx → 200 (193ms, ?B)
[2026-04-16T04:29:15.925Z] GET http://localhost:5173/src/components/DataReviewPage.tsx → 200 (177ms, 45080B)
[2026-04-16T04:29:15.925Z] GET http://localhost:5173/src/components/EventDataDetailPage.tsx → 200 (180ms, ?B)
[2026-04-16T04:29:15.925Z] GET http://localhost:5173/src/components/HomePage.tsx → 200 (178ms, ?B)
[2026-04-16T04:29:15.925Z] GET http://localhost:5173/src/components/AdminPage.tsx → 200 (183ms, ?B)
[2026-04-16T04:29:15.925Z] GET http://localhost:5173/src/components/ProfilePage.tsx → 200 (180ms, ?B)
[2026-04-16T04:29:15.925Z] GET http://localhost:5173/src/components/VisualizationPage.tsx → 200 (190ms, ?B)
[2026-04-16T04:29:15.926Z] GET http://localhost:5173/src/components/ToolsPage.tsx → 200 (181ms, ?B)
[2026-04-16T04:29:15.926Z] GET http://localhost:5173/src/components/ApplicationPage.tsx → 200 (181ms, ?B)
[2026-04-16T04:29:15.926Z] GET http://localhost:5173/src/components/PurchaseRequestPage.tsx → 200 (189ms, ?B)
[2026-04-16T04:29:15.926Z] GET http://localhost:5173/src/components/BasicSettingsPage.tsx → 200 (202ms, ?B)
[2026-04-16T04:29:15.926Z] GET http://localhost:5173/src/components/OrganizationalChartPage.tsx → 200 (197ms, ?B)
[2026-04-16T04:29:15.926Z] GET http://localhost:5173/src/components/SupplierPage.tsx → 200 (179ms, ?B)
[2026-04-16T04:29:15.926Z] GET http://localhost:5173/src/components/ClientPage.tsx → 200 (189ms, ?B)
[2026-04-16T04:29:15.926Z] GET http://localhost:5173/src/components/EmployeePage.tsx → 200 (182ms, ?B)
[2026-04-16T04:29:15.926Z] GET http://localhost:5173/src/components/InvoicePage.tsx → 200 (188ms, ?B)
[2026-04-16T04:29:15.926Z] GET http://localhost:5173/src/components/IssuedInvoicePage.tsx → 200 (191ms, ?B)
[2026-04-16T04:29:15.926Z] GET http://localhost:5173/src/components/AccountingSubjectPage.tsx → 200 (181ms, ?B)
[2026-04-16T04:29:15.926Z] GET http://localhost:5173/src/components/FinancialReportPage.tsx → 200 (182ms, ?B)
[2026-04-16T04:29:15.926Z] GET http://localhost:5173/src/components/JournalPage.tsx → 200 (182ms, ?B)
[2026-04-16T04:29:15.926Z] GET http://localhost:5173/src/components/DataManagePage.tsx → 200 (189ms, ?B)
[2026-04-16T04:29:15.926Z] GET http://localhost:5173/src/components/StockYJPage.tsx → 200 (188ms, ?B)
[2026-04-16T04:29:15.926Z] GET http://localhost:5173/src/components/StockOrderPage.tsx → 200 (200ms, ?B)
[2026-04-16T04:29:15.926Z] GET http://localhost:5173/src/components/StockInPage.tsx → 200 (192ms, ?B)
[2026-04-16T04:29:15.926Z] GET http://localhost:5173/src/components/StockOutPage.tsx → 200 (197ms, ?B)
[2026-04-16T04:29:15.926Z] GET http://localhost:5173/src/components/StockReportPage.tsx → 200 (197ms, ?B)
[2026-04-16T04:29:15.927Z] GET http://localhost:5173/src/components/ProductPage.tsx → 200 (191ms, ?B)
[2026-04-16T04:29:15.927Z] GET http://localhost:5173/src/components/WarehousePage.tsx → 200 (190ms, ?B)
[2026-04-16T04:29:15.927Z] GET http://localhost:5173/src/components/WarehouseCapacityPage.tsx → 200 (197ms, ?B)
[2026-04-16T04:29:15.927Z] GET http://localhost:5173/src/components/PaymentOrderPage.tsx → 200 (200ms, ?B)
[2026-04-16T04:29:15.927Z] GET http://localhost:5173/src/components/SellOrderPage.tsx → 200 (197ms, ?B)
[2026-04-16T04:29:15.927Z] GET http://localhost:5173/src/components/IncomeOrderPage.tsx → 200 (199ms, ?B)
[2026-04-16T04:29:15.927Z] GET http://localhost:5173/src/components/RejectOrderPage.tsx → 200 (197ms, ?B)
[2026-04-16T04:29:15.927Z] GET http://localhost:5173/src/components/DrawPlanPage.tsx → 200 (199ms, ?B)
[2026-04-16T04:29:15.927Z] GET http://localhost:5173/src/components/ProduceOrderPage.tsx → 200 (198ms, ?B)
[2026-04-16T04:29:15.927Z] GET http://localhost:5173/src/components/FundAccountPage.tsx → 200 (198ms, ?B)
[2026-04-16T04:29:15.927Z] GET http://localhost:5173/src/components/ChatSidebar.tsx → 200 (200ms, ?B)
[2026-04-16T04:29:15.927Z] GET http://localhost:5173/src/components/MessagePage.tsx → 200 (200ms, ?B)
[2026-04-16T04:29:15.927Z] GET http://localhost:5173/src/components/NewsPage.tsx → 200 (199ms, ?B)
[2026-04-16T04:29:15.927Z] GET http://localhost:5173/src/components/UserSettingsPage.tsx → 200 (198ms, ?B)
[2026-04-16T04:29:15.927Z] GET http://localhost:5173/src/components/DraggableAIBtn.tsx → 200 (197ms, ?B)
[2026-04-16T04:29:15.927Z] GET http://localhost:5173/src/components/AIReadingPage.tsx → 200 (198ms, ?B)
[2026-04-16T04:29:15.927Z] GET http://localhost:5173/src/components/AccountManagementPage.tsx → 200 (200ms, ?B)
[2026-04-16T04:29:15.927Z] GET http://localhost:5173/src/components/ResponsibilitySettingsPage.tsx → 200 (199ms, ?B)
[2026-04-16T04:29:15.927Z] GET http://localhost:5173/src/components/PermissionSettingsPage.tsx → 200 (200ms, ?B)
[2026-04-16T04:29:15.927Z] GET http://localhost:5173/src/components/OperationLogPage.tsx → 200 (198ms, ?B)
[2026-04-16T04:29:15.927Z] GET http://localhost:5173/src/components/EventTemplatesPage.tsx → 200 (198ms, ?B)
[2026-04-16T04:29:15.927Z] GET http://localhost:5173/src/components/EventChainTemplatePage.tsx → 200 (201ms, ?B)
[2026-04-16T04:29:15.927Z] GET http://localhost:5173/src/components/ProcessChainTemplatePage.tsx → 200 (200ms, ?B)
[2026-04-16T04:29:15.927Z] GET http://localhost:5173/src/components/TaskTemplatePage.tsx → 200 (200ms, ?B)
[2026-04-16T04:29:15.927Z] GET http://localhost:5173/src/components/DataTemplatesPage.tsx → 200 (200ms, ?B)
[2026-04-16T04:29:15.928Z] GET http://localhost:5173/src/components/DataChainTemplatePage.tsx → 200 (199ms, ?B)
[2026-04-16T04:29:15.928Z] GET http://localhost:5173/src/components/ProcessInfoTemplatePage.tsx → 200 (200ms, ?B)
[2026-04-16T04:29:15.928Z] GET http://localhost:5173/src/components/DataBlockTemplatePage.tsx → 200 (200ms, ?B)
[2026-04-16T04:29:16.090Z] GET http://localhost:5173/src/components/Login.css → 200 (54ms, ?B)
[2026-04-16T04:29:16.144Z] GET http://localhost:5173/src/icons/home.svg?import → pending (?ms, ?B)
[2026-04-16T04:29:16.144Z] GET http://localhost:5173/src/icons/project.svg?import → pending (?ms, ?B)
[2026-04-16T04:29:16.144Z] GET http://localhost:5173/src/icons/team.svg?import → pending (?ms, ?B)
[2026-04-16T04:29:16.144Z] GET http://localhost:5173/src/icons/message.svg?import → pending (?ms, ?B)
[2026-04-16T04:29:16.144Z] GET http://localhost:5173/src/icons/database.svg?import → pending (?ms, ?B)
[2026-04-16T04:29:16.144Z] GET http://localhost:5173/src/icons/visualization.svg?import → pending (?ms, ?B)
[2026-04-16T04:29:16.144Z] GET http://localhost:5173/src/icons/news.svg?import → pending (?ms, ?B)
[2026-04-16T04:29:16.144Z] GET http://localhost:5173/src/icons/ai.svg?import → pending (?ms, ?B)
[2026-04-16T04:29:16.144Z] GET http://localhost:5173/src/icons/app.svg?import → pending (?ms, ?B)
[2026-04-16T04:29:16.144Z] GET http://localhost:5173/node_modules/.vite/deps/antd.js?v=1b9989ba → pending (?ms, ?B)
[2026-04-16T04:29:16.144Z] GET http://localhost:5173/src/components/ToolsPage.module.scss → pending (?ms, ?B)
[2026-04-16T04:29:16.144Z] GET http://localhost:5173/src/components/ApplicationPage.module.scss → pending (?ms, ?B)
[2026-04-16T04:29:16.144Z] GET http://localhost:5173/node_modules/.vite/deps/dayjs.js?v=1b9989ba → 200 (?ms, ?B)
[2026-04-16T04:29:16.156Z] GET http://localhost:5173/node_modules/.vite/deps/@ant-design_icons.js?v=1b9989ba → 200 (?ms, ?B)
[2026-04-16T04:29:16.156Z] GET http://localhost:5173/node_modules/.vite/deps/axios.js?v=1b9989ba → 200 (?ms, ?B)
[2026-04-16T04:29:16.187Z] GET http://localhost:5173/src/components/UserSettingsPage.module.scss → 200 (612ms, 21859B)
[2026-04-16T04:29:16.188Z] GET http://localhost:5173/src/components/NewsPage.module.scss → 200 (611ms, 54581B)
[2026-04-16T04:29:16.188Z] GET http://localhost:5173/src/components/MessagePage.module.scss → 200 (613ms, 60071B)
[2026-04-16T04:29:16.188Z] GET http://localhost:5173/node_modules/.vite/deps/chunk-QZC7O2C6.js?v=1b9989ba → 200 (?ms, 12710B)
[2026-04-16T04:29:16.198Z] GET http://localhost:5173/node_modules/.vite/deps/chunk-ZDBJOGHJ.js?v=1b9989ba → 200 (?ms, 118332B)
[2026-04-16T04:29:17.216Z] GET http://localhost:5173/fonts/material-symbols-outlined.woff2 → 200 (186ms, 3363900B)
[2026-04-16T04:30:13.745Z] GET http://localhost:5173/login → 200 (6ms, 798B)
[2026-04-16T04:30:13.779Z] GET http://localhost:5173/@vite/client → 200 (3ms, 137703B)
[2026-04-16T04:30:13.779Z] GET http://localhost:5173/fonts/material-symbols-outlined.woff2 → 200 (230ms, ?B)
[2026-04-16T04:30:13.779Z] GET http://localhost:5173/src/main.tsx → 200 (3ms, 2156B)
[2026-04-16T04:30:13.779Z] GET http://localhost:5173/@react-refresh → 200 (4ms, 117548B)
[2026-04-16T04:30:13.782Z] GET http://localhost:5173/node_modules/.vite/deps/react_jsx-dev-runtime.js?v=1b9989ba → 200 (?ms, 37035B)
[2026-04-16T04:30:13.782Z] GET http://localhost:5173/node_modules/.vite/deps/react.js?v=1b9989ba → 200 (?ms, 219B)
[2026-04-16T04:30:13.782Z] GET http://localhost:5173/node_modules/.vite/deps/react-dom_client.js?v=1b9989ba → 200 (1ms, 1118B)
[2026-04-16T04:30:13.783Z] GET http://localhost:5173/src/App.tsx → 200 (13ms, 149860B)
[2026-04-16T04:30:13.783Z] GET http://localhost:5173/src/index.css → 200 (21ms, 59826B)
[2026-04-16T04:30:13.783Z] GET http://localhost:5173/node_modules/vite/dist/client/env.mjs → 200 (20ms, 4021B)
[2026-04-16T04:30:13.783Z] GET http://localhost:5173/node_modules/.vite/deps/chunk-DRWLMN53.js?v=1b9989ba → 200 (?ms, 77818B)
[2026-04-16T04:30:13.783Z] GET http://localhost:5173/node_modules/.vite/deps/chunk-G3PMV62Z.js?v=1b9989ba → 200 (?ms, 1540B)
[2026-04-16T04:30:13.783Z] GET http://localhost:5173/node_modules/.vite/deps/chunk-PJEEZAML.js?v=1b9989ba → 200 (?ms, 928095B)
[2026-04-16T04:30:13.808Z] GET http://localhost:5173/src/components/Login.tsx → 200 (116ms, 53818B)
[2026-04-16T04:30:13.808Z] GET http://localhost:5173/src/components/TopNavbar.tsx → 200 (165ms, 151494B)
[2026-04-16T04:30:13.808Z] GET http://localhost:5173/src/components/EventsPage.tsx → 200 (175ms, 369490B)
[2026-04-16T04:30:13.808Z] GET http://localhost:5173/src/components/EventmanagePage.tsx → 200 (157ms, 50741B)
[2026-04-16T04:30:13.808Z] GET http://localhost:5173/src/components/EventChainPage.tsx → 200 (222ms, ?B)
[2026-04-16T04:30:13.808Z] GET http://localhost:5173/src/components/TaskDetailPage.tsx → 200 (167ms, 233107B)
[2026-04-16T04:30:13.808Z] GET http://localhost:5173/src/components/TaskExecutionPage.tsx → 200 (165ms, 36882B)
[2026-04-16T04:30:13.808Z] GET http://localhost:5173/src/components/TaskReviewPage.tsx → 200 (165ms, 42674B)
[2026-04-16T04:30:13.808Z] GET http://localhost:5173/src/components/TaskListPage.tsx → 200 (166ms, 71583B)
[2026-04-16T04:30:13.808Z] GET http://localhost:5173/src/components/DataListPage.tsx → 200 (166ms, 65430B)
[2026-04-16T04:30:13.808Z] GET http://localhost:5173/src/components/DataPage.tsx → 200 (168ms, 145990B)
[2026-04-16T04:30:13.808Z] GET http://localhost:5173/src/components/DataChainPage.tsx → 200 (166ms, 36046B)
[2026-04-16T04:30:13.808Z] GET http://localhost:5173/src/components/DataChainDetailPage.tsx → 200 (169ms, 128649B)
[2026-04-16T04:30:13.809Z] GET http://localhost:5173/src/components/DataReviewPage.tsx → 200 (165ms, 45080B)
[2026-04-16T04:30:13.809Z] GET http://localhost:5173/src/components/EventDataDetailPage.tsx → 200 (168ms, 79566B)
[2026-04-16T04:30:13.809Z] GET http://localhost:5173/src/components/HomePage.tsx → 200 (166ms, 45521B)
[2026-04-16T04:30:13.809Z] GET http://localhost:5173/src/components/AdminPage.tsx → 200 (182ms, 104367B)
[2026-04-16T04:30:13.809Z] GET http://localhost:5173/src/components/ProfilePage.tsx → 200 (168ms, 61889B)
[2026-04-16T04:30:13.809Z] GET http://localhost:5173/src/components/VisualizationPage.tsx → 200 (183ms, 72623B)
[2026-04-16T04:30:13.809Z] GET http://localhost:5173/src/components/ToolsPage.tsx → 200 (190ms, ?B)
[2026-04-16T04:30:13.809Z] GET http://localhost:5173/src/components/ApplicationPage.tsx → 200 (190ms, ?B)
[2026-04-16T04:30:13.809Z] GET http://localhost:5173/src/components/PurchaseRequestPage.tsx → 200 (183ms, ?B)
[2026-04-16T04:30:13.809Z] GET http://localhost:5173/src/components/BasicSettingsPage.tsx → 200 (246ms, ?B)
[2026-04-16T04:30:13.809Z] GET http://localhost:5173/src/components/OrganizationalChartPage.tsx → 200 (221ms, ?B)
[2026-04-16T04:30:13.809Z] GET http://localhost:5173/src/components/SupplierPage.tsx → 200 (191ms, ?B)
[2026-04-16T04:30:13.809Z] GET http://localhost:5173/src/components/ClientPage.tsx → 200 (199ms, ?B)
[2026-04-16T04:30:13.809Z] GET http://localhost:5173/src/components/EmployeePage.tsx → 200 (191ms, ?B)
[2026-04-16T04:30:13.809Z] GET http://localhost:5173/src/components/InvoicePage.tsx → 200 (190ms, ?B)
[2026-04-16T04:30:13.809Z] GET http://localhost:5173/src/components/IssuedInvoicePage.tsx → 200 (191ms, ?B)
[2026-04-16T04:30:13.809Z] GET http://localhost:5173/src/components/AccountingSubjectPage.tsx → 200 (200ms, ?B)
[2026-04-16T04:30:13.809Z] GET http://localhost:5173/src/components/FinancialReportPage.tsx → 200 (199ms, ?B)
[2026-04-16T04:30:13.809Z] GET http://localhost:5173/src/components/JournalPage.tsx → 200 (201ms, ?B)
[2026-04-16T04:30:13.809Z] GET http://localhost:5173/src/components/DataManagePage.tsx → 200 (199ms, ?B)
[2026-04-16T04:30:13.809Z] GET http://localhost:5173/src/components/StockYJPage.tsx → 200 (199ms, ?B)
[2026-04-16T04:30:13.809Z] GET http://localhost:5173/src/components/StockOrderPage.tsx → 200 (206ms, ?B)
[2026-04-16T04:30:13.809Z] GET http://localhost:5173/src/components/StockInPage.tsx → 200 (200ms, ?B)
[2026-04-16T04:30:13.809Z] GET http://localhost:5173/src/components/StockOutPage.tsx → 200 (222ms, ?B)
[2026-04-16T04:30:13.809Z] GET http://localhost:5173/src/components/StockReportPage.tsx → 200 (200ms, ?B)
[2026-04-16T04:30:13.809Z] GET http://localhost:5173/src/components/ProductPage.tsx → 200 (205ms, ?B)
[2026-04-16T04:30:13.809Z] GET http://localhost:5173/src/components/WarehousePage.tsx → 200 (201ms, ?B)
[2026-04-16T04:30:13.809Z] GET http://localhost:5173/src/components/WarehouseCapacityPage.tsx → 200 (206ms, ?B)
[2026-04-16T04:30:13.809Z] GET http://localhost:5173/src/components/PaymentOrderPage.tsx → 200 (221ms, ?B)
[2026-04-16T04:30:13.809Z] GET http://localhost:5173/src/components/SellOrderPage.tsx → 200 (229ms, ?B)
[2026-04-16T04:30:13.809Z] GET http://localhost:5173/src/components/IncomeOrderPage.tsx → 200 (206ms, ?B)
[2026-04-16T04:30:13.810Z] GET http://localhost:5173/src/components/RejectOrderPage.tsx → 200 (221ms, ?B)
[2026-04-16T04:30:13.810Z] GET http://localhost:5173/src/components/DrawPlanPage.tsx → 200 (220ms, ?B)
[2026-04-16T04:30:13.810Z] GET http://localhost:5173/src/components/ProduceOrderPage.tsx → 200 (229ms, ?B)
[2026-04-16T04:30:13.810Z] GET http://localhost:5173/src/components/FundAccountPage.tsx → 200 (220ms, ?B)
[2026-04-16T04:30:13.810Z] GET http://localhost:5173/src/components/ChatSidebar.tsx → 200 (229ms, ?B)
[2026-04-16T04:30:13.810Z] GET http://localhost:5173/src/components/MessagePage.tsx → 200 (221ms, ?B)
[2026-04-16T04:30:13.810Z] GET http://localhost:5173/src/components/NewsPage.tsx → 200 (222ms, ?B)
[2026-04-16T04:30:13.810Z] GET http://localhost:5173/src/components/UserSettingsPage.tsx → 200 (229ms, ?B)
[2026-04-16T04:30:13.810Z] GET http://localhost:5173/src/components/DraggableAIBtn.tsx → 200 (221ms, ?B)
[2026-04-16T04:30:13.810Z] GET http://localhost:5173/src/components/AIReadingPage.tsx → 200 (222ms, ?B)
[2026-04-16T04:30:13.810Z] GET http://localhost:5173/src/components/AccountManagementPage.tsx → 200 (222ms, ?B)
[2026-04-16T04:30:13.810Z] GET http://localhost:5173/src/components/ResponsibilitySettingsPage.tsx → 200 (228ms, ?B)
[2026-04-16T04:30:13.810Z] GET http://localhost:5173/src/components/PermissionSettingsPage.tsx → 200 (222ms, ?B)
[2026-04-16T04:30:13.810Z] GET http://localhost:5173/src/components/OperationLogPage.tsx → 200 (222ms, ?B)
[2026-04-16T04:30:13.810Z] GET http://localhost:5173/src/components/EventTemplatesPage.tsx → 200 (229ms, ?B)
[2026-04-16T04:30:13.810Z] GET http://localhost:5173/src/components/EventChainTemplatePage.tsx → 200 (228ms, ?B)
[2026-04-16T04:30:13.810Z] GET http://localhost:5173/src/components/ProcessChainTemplatePage.tsx → 200 (229ms, ?B)
[2026-04-16T04:30:13.810Z] GET http://localhost:5173/src/components/TaskTemplatePage.tsx → 200 (229ms, ?B)
[2026-04-16T04:30:13.810Z] GET http://localhost:5173/src/components/DataTemplatesPage.tsx → 200 (222ms, ?B)
[2026-04-16T04:30:13.810Z] GET http://localhost:5173/src/components/DataChainTemplatePage.tsx → 200 (228ms, ?B)
[2026-04-16T04:30:13.810Z] GET http://localhost:5173/src/components/ProcessInfoTemplatePage.tsx → 200 (229ms, ?B)
[2026-04-16T04:30:13.810Z] GET http://localhost:5173/src/components/DataBlockTemplatePage.tsx → 200 (229ms, ?B)
[2026-04-16T04:30:14.015Z] GET http://localhost:5173/src/components/Login.css → 200 (119ms, ?B)
[2026-04-16T04:30:14.054Z] GET http://localhost:5173/src/icons/home.svg?import → pending (?ms, ?B)
[2026-04-16T04:30:14.054Z] GET http://localhost:5173/src/icons/project.svg?import → pending (?ms, ?B)
[2026-04-16T04:30:14.054Z] GET http://localhost:5173/src/icons/team.svg?import → pending (?ms, ?B)
[2026-04-16T04:30:14.054Z] GET http://localhost:5173/src/icons/message.svg?import → pending (?ms, ?B)
[2026-04-16T04:30:14.054Z] GET http://localhost:5173/src/icons/database.svg?import → pending (?ms, ?B)
[2026-04-16T04:30:14.054Z] GET http://localhost:5173/src/icons/visualization.svg?import → pending (?ms, ?B)
[2026-04-16T04:30:14.055Z] GET http://localhost:5173/src/icons/news.svg?import → pending (?ms, ?B)
[2026-04-16T04:30:14.055Z] GET http://localhost:5173/src/icons/ai.svg?import → pending (?ms, ?B)
[2026-04-16T04:30:14.055Z] GET http://localhost:5173/src/icons/app.svg?import → pending (?ms, ?B)
[2026-04-16T04:30:14.055Z] GET http://localhost:5173/node_modules/.vite/deps/antd.js?v=1b9989ba → pending (?ms, ?B)
[2026-04-16T04:30:14.064Z] GET http://localhost:5173/node_modules/.vite/deps/dayjs.js?v=1b9989ba → 200 (?ms, ?B)
[2026-04-16T04:30:14.065Z] GET http://localhost:5173/src/components/ApplicationPage.module.scss → pending (?ms, ?B)
[2026-04-16T04:30:14.077Z] GET http://localhost:5173/src/components/ToolsPage.module.scss → pending (?ms, ?B)
[2026-04-16T04:30:14.108Z] GET http://localhost:5173/node_modules/.vite/deps/axios.js?v=1b9989ba → 200 (?ms, ?B)
[2026-04-16T04:30:14.108Z] GET http://localhost:5173/node_modules/.vite/deps/@ant-design_icons.js?v=1b9989ba → 200 (?ms, ?B)
[2026-04-16T04:30:14.161Z] GET http://localhost:5173/src/components/MessagePage.module.scss → pending (?ms, ?B)
[2026-04-16T04:30:14.161Z] GET http://localhost:5173/src/components/NewsPage.module.scss → pending (?ms, ?B)
[2026-04-16T04:30:14.182Z] GET http://localhost:5173/src/components/UserSettingsPage.module.scss → 200 (512ms, 21859B)
[2026-04-16T04:30:14.221Z] GET http://localhost:5173/node_modules/.vite/deps/chunk-QZC7O2C6.js?v=1b9989ba → 200 (?ms, 12710B)
[2026-04-16T04:30:14.648Z] GET http://localhost:5173/node_modules/.vite/deps/chunk-ZDBJOGHJ.js?v=1b9989ba → 200 (?ms, 118332B)
[2026-04-16T04:30:15.087Z] GET http://localhost:5173/fonts/material-symbols-outlined.woff2 → pending (?ms, ?B)
[2026-04-16T04:30:24.377Z] GET http://localhost:5173/login → 200 (9ms, 798B)
[2026-04-16T04:30:24.401Z] GET http://localhost:5173/@vite/client → 200 (17ms, 137703B)
[2026-04-16T04:30:24.401Z] GET http://localhost:5173/fonts/material-symbols-outlined.woff2 → 200 (151ms, 3363900B)
[2026-04-16T04:30:24.401Z] GET http://localhost:5173/src/main.tsx → 200 (15ms, 2156B)
[2026-04-16T04:30:24.401Z] GET http://localhost:5173/@react-refresh → 200 (22ms, 117548B)
[2026-04-16T04:30:24.417Z] GET http://localhost:5173/node_modules/.vite/deps/react_jsx-dev-runtime.js?v=1b9989ba → 200 (?ms, 37035B)
[2026-04-16T04:30:24.417Z] GET http://localhost:5173/node_modules/.vite/deps/react.js?v=1b9989ba → 200 (?ms, 219B)
[2026-04-16T04:30:24.417Z] GET http://localhost:5173/node_modules/.vite/deps/react-dom_client.js?v=1b9989ba → 200 (?ms, 1118B)
[2026-04-16T04:30:24.417Z] GET http://localhost:5173/src/App.tsx → 200 (90ms, 149860B)
[2026-04-16T04:30:24.417Z] GET http://localhost:5173/src/index.css → 200 (90ms, 59826B)
[2026-04-16T04:30:24.418Z] GET http://localhost:5173/node_modules/.vite/deps/chunk-DRWLMN53.js?v=1b9989ba → 200 (?ms, 77818B)
[2026-04-16T04:30:24.418Z] GET http://localhost:5173/node_modules/.vite/deps/chunk-G3PMV62Z.js?v=1b9989ba → 200 (?ms, 1540B)
[2026-04-16T04:30:24.418Z] GET http://localhost:5173/node_modules/.vite/deps/chunk-PJEEZAML.js?v=1b9989ba → 200 (?ms, 928095B)
[2026-04-16T04:30:24.418Z] GET http://localhost:5173/node_modules/vite/dist/client/env.mjs → 200 (88ms, 4021B)
[2026-04-16T04:30:24.518Z] GET http://localhost:5173/src/components/Login.tsx → 200 (21ms, 53818B)
[2026-04-16T04:30:24.518Z] GET http://localhost:5173/src/components/TopNavbar.tsx → 200 (218ms, 151494B)
[2026-04-16T04:30:24.518Z] GET http://localhost:5173/src/components/EventsPage.tsx → 200 (220ms, 369490B)
[2026-04-16T04:30:24.518Z] GET http://localhost:5173/src/components/EventmanagePage.tsx → 200 (36ms, 50741B)
[2026-04-16T04:30:24.518Z] GET http://localhost:5173/src/components/EventChainPage.tsx → 200 (230ms, 782666B)
[2026-04-16T04:30:24.519Z] GET http://localhost:5173/src/components/TaskDetailPage.tsx → 200 (219ms, 233107B)
[2026-04-16T04:30:24.519Z] GET http://localhost:5173/src/components/TaskExecutionPage.tsx → 200 (217ms, 36882B)
[2026-04-16T04:30:24.519Z] GET http://localhost:5173/src/components/TaskReviewPage.tsx → 200 (217ms, 42674B)
[2026-04-16T04:30:24.519Z] GET http://localhost:5173/src/components/TaskListPage.tsx → 200 (218ms, 71583B)
[2026-04-16T04:30:24.519Z] GET http://localhost:5173/src/components/DataListPage.tsx → 200 (218ms, 65430B)
[2026-04-16T04:30:24.519Z] GET http://localhost:5173/src/components/DataPage.tsx → 200 (219ms, 145990B)
[2026-04-16T04:30:24.519Z] GET http://localhost:5173/src/components/DataChainPage.tsx → 200 (218ms, 36046B)
[2026-04-16T04:30:24.519Z] GET http://localhost:5173/src/components/DataChainDetailPage.tsx → 200 (219ms, 128649B)
[2026-04-16T04:30:24.519Z] GET http://localhost:5173/src/components/DataReviewPage.tsx → 200 (218ms, 45080B)
[2026-04-16T04:30:24.519Z] GET http://localhost:5173/src/components/EventDataDetailPage.tsx → 200 (218ms, 79566B)
[2026-04-16T04:30:24.519Z] GET http://localhost:5173/src/components/HomePage.tsx → 200 (218ms, 45521B)
[2026-04-16T04:30:24.519Z] GET http://localhost:5173/src/components/AdminPage.tsx → 200 (220ms, 104367B)
[2026-04-16T04:30:24.519Z] GET http://localhost:5173/src/components/ProfilePage.tsx → 200 (219ms, 61889B)
[2026-04-16T04:30:24.519Z] GET http://localhost:5173/src/components/VisualizationPage.tsx → 200 (219ms, 72623B)
[2026-04-16T04:30:24.519Z] GET http://localhost:5173/src/components/ToolsPage.tsx → 200 (220ms, 120592B)
[2026-04-16T04:30:24.519Z] GET http://localhost:5173/src/components/ApplicationPage.tsx → 200 (221ms, 131671B)
[2026-04-16T04:30:24.519Z] GET http://localhost:5173/src/components/PurchaseRequestPage.tsx → 200 (220ms, 93353B)
[2026-04-16T04:30:24.519Z] GET http://localhost:5173/src/components/BasicSettingsPage.tsx → 200 (242ms, ?B)
[2026-04-16T04:30:24.520Z] GET http://localhost:5173/src/components/OrganizationalChartPage.tsx → 200 (224ms, 349334B)
[2026-04-16T04:30:24.520Z] GET http://localhost:5173/src/components/SupplierPage.tsx → 200 (219ms, 47183B)
[2026-04-16T04:30:24.520Z] GET http://localhost:5173/src/components/ClientPage.tsx → 200 (219ms, 70730B)
[2026-04-16T04:30:24.520Z] GET http://localhost:5173/src/components/EmployeePage.tsx → 200 (219ms, 74996B)
[2026-04-16T04:30:24.520Z] GET http://localhost:5173/src/components/InvoicePage.tsx → 200 (220ms, 75263B)
[2026-04-16T04:30:24.520Z] GET http://localhost:5173/src/components/IssuedInvoicePage.tsx → 200 (224ms, 72072B)
[2026-04-16T04:30:24.520Z] GET http://localhost:5173/src/components/AccountingSubjectPage.tsx → 200 (223ms, 59488B)
[2026-04-16T04:30:24.520Z] GET http://localhost:5173/src/components/FinancialReportPage.tsx → 200 (224ms, 43736B)
[2026-04-16T04:30:24.520Z] GET http://localhost:5173/src/components/JournalPage.tsx → 200 (224ms, 75848B)
[2026-04-16T04:30:24.520Z] GET http://localhost:5173/src/components/DataManagePage.tsx → 200 (223ms, 49802B)
[2026-04-16T04:30:24.520Z] GET http://localhost:5173/src/components/StockYJPage.tsx → 200 (223ms, 5069B)
[2026-04-16T04:30:24.520Z] GET http://localhost:5173/src/components/StockOrderPage.tsx → 200 (225ms, 115559B)
[2026-04-16T04:30:24.520Z] GET http://localhost:5173/src/components/StockInPage.tsx → 200 (226ms, 124456B)
[2026-04-16T04:30:24.520Z] GET http://localhost:5173/src/components/StockOutPage.tsx → 200 (224ms, 120641B)
[2026-04-16T04:30:24.520Z] GET http://localhost:5173/src/components/StockReportPage.tsx → 200 (225ms, 49654B)
[2026-04-16T04:30:24.520Z] GET http://localhost:5173/src/components/ProductPage.tsx → 200 (226ms, 79429B)
[2026-04-16T04:30:24.520Z] GET http://localhost:5173/src/components/WarehousePage.tsx → 200 (224ms, 49685B)
[2026-04-16T04:30:24.520Z] GET http://localhost:5173/src/components/WarehouseCapacityPage.tsx → 200 (224ms, 56630B)
[2026-04-16T04:30:24.520Z] GET http://localhost:5173/src/components/PaymentOrderPage.tsx → 200 (225ms, 55968B)
[2026-04-16T04:30:24.520Z] GET http://localhost:5173/src/components/SellOrderPage.tsx → 200 (225ms, 111196B)
[2026-04-16T04:30:24.521Z] GET http://localhost:5173/src/components/IncomeOrderPage.tsx → 200 (224ms, 56432B)
[2026-04-16T04:30:24.521Z] GET http://localhost:5173/src/components/RejectOrderPage.tsx → 200 (225ms, 75694B)
[2026-04-16T04:30:24.521Z] GET http://localhost:5173/src/components/DrawPlanPage.tsx → 200 (225ms, 52641B)
[2026-04-16T04:30:24.521Z] GET http://localhost:5173/src/components/ProduceOrderPage.tsx → 200 (225ms, 39086B)
[2026-04-16T04:30:24.521Z] GET http://localhost:5173/src/components/FundAccountPage.tsx → 200 (224ms, 55114B)
[2026-04-16T04:30:24.521Z] GET http://localhost:5173/src/components/ChatSidebar.tsx → 200 (226ms, 149705B)
[2026-04-16T04:30:24.521Z] GET http://localhost:5173/src/components/MessagePage.tsx → 200 (226ms, 109403B)
[2026-04-16T04:30:24.521Z] GET http://localhost:5173/src/components/NewsPage.tsx → 200 (226ms, 93706B)
[2026-04-16T04:30:24.521Z] GET http://localhost:5173/src/components/UserSettingsPage.tsx → 200 (226ms, 116040B)
[2026-04-16T04:30:24.521Z] GET http://localhost:5173/src/components/DraggableAIBtn.tsx → 200 (225ms, 15468B)
[2026-04-16T04:30:24.521Z] GET http://localhost:5173/src/components/AIReadingPage.tsx → 200 (225ms, 36981B)
[2026-04-16T04:30:24.521Z] GET http://localhost:5173/src/components/AccountManagementPage.tsx → 200 (226ms, 202063B)
[2026-04-16T04:30:24.521Z] GET http://localhost:5173/src/components/ResponsibilitySettingsPage.tsx → 200 (238ms, 110182B)
[2026-04-16T04:30:24.521Z] GET http://localhost:5173/src/components/PermissionSettingsPage.tsx → 200 (226ms, 102797B)
[2026-04-16T04:30:24.521Z] GET http://localhost:5173/src/components/OperationLogPage.tsx → 200 (239ms, 52294B)
[2026-04-16T04:30:24.521Z] GET http://localhost:5173/src/components/EventTemplatesPage.tsx → 200 (226ms, 40329B)
[2026-04-16T04:30:24.521Z] GET http://localhost:5173/src/components/EventChainTemplatePage.tsx → 200 (239ms, ?B)
[2026-04-16T04:30:24.521Z] GET http://localhost:5173/src/components/ProcessChainTemplatePage.tsx → 200 (239ms, ?B)
[2026-04-16T04:30:24.521Z] GET http://localhost:5173/src/components/TaskTemplatePage.tsx → 200 (227ms, 81359B)
[2026-04-16T04:30:24.522Z] GET http://localhost:5173/src/components/DataTemplatesPage.tsx → 200 (237ms, 40376B)
[2026-04-16T04:30:24.522Z] GET http://localhost:5173/src/components/DataChainTemplatePage.tsx → 200 (238ms, ?B)
[2026-04-16T04:30:24.522Z] GET http://localhost:5173/src/components/ProcessInfoTemplatePage.tsx → 200 (238ms, ?B)
[2026-04-16T04:30:24.522Z] GET http://localhost:5173/src/components/DataBlockTemplatePage.tsx → 200 (238ms, ?B)
[2026-04-16T04:30:24.539Z] GET http://localhost:5173/src/components/Login.css → 200 (221ms, 6090B)
[2026-04-16T04:30:24.761Z] GET http://localhost:5173/node_modules/.vite/deps/antd.js?v=1b9989ba → pending (?ms, ?B)
[2026-04-16T04:30:24.761Z] GET http://localhost:5173/src/icons/home.svg?import → 200 (8ms, ?B)
[2026-04-16T04:30:24.761Z] GET http://localhost:5173/src/icons/project.svg?import → 200 (9ms, ?B)
[2026-04-16T04:30:24.761Z] GET http://localhost:5173/src/icons/team.svg?import → 200 (9ms, ?B)
[2026-04-16T04:30:24.761Z] GET http://localhost:5173/src/icons/message.svg?import → 200 (9ms, ?B)
[2026-04-16T04:30:24.761Z] GET http://localhost:5173/src/icons/database.svg?import → 200 (9ms, ?B)
[2026-04-16T04:30:24.761Z] GET http://localhost:5173/src/icons/visualization.svg?import → 200 (10ms, ?B)
[2026-04-16T04:30:24.761Z] GET http://localhost:5173/src/icons/news.svg?import → 200 (10ms, ?B)
[2026-04-16T04:30:24.761Z] GET http://localhost:5173/src/icons/ai.svg?import → 200 (10ms, ?B)
[2026-04-16T04:30:24.761Z] GET http://localhost:5173/src/icons/app.svg?import → 200 (10ms, ?B)
[2026-04-16T04:30:24.762Z] GET http://localhost:5173/src/components/ToolsPage.module.scss → 200 (9ms, ?B)
[2026-04-16T04:30:24.762Z] GET http://localhost:5173/node_modules/.vite/deps/dayjs.js?v=1b9989ba → 200 (?ms, ?B)
[2026-04-16T04:30:24.762Z] GET http://localhost:5173/src/components/ApplicationPage.module.scss → 200 (9ms, ?B)
[2026-04-16T04:30:24.762Z] GET http://localhost:5173/node_modules/.vite/deps/@ant-design_icons.js?v=1b9989ba → 200 (?ms, ?B)
[2026-04-16T04:30:24.762Z] GET http://localhost:5173/node_modules/.vite/deps/axios.js?v=1b9989ba → 200 (?ms, ?B)
[2026-04-16T04:30:24.762Z] GET http://localhost:5173/src/components/UserSettingsPage.module.scss → 200 (9ms, ?B)
[2026-04-16T04:30:24.769Z] GET http://localhost:5173/src/components/MessagePage.module.scss → 200 (3ms, ?B)
[2026-04-16T04:30:24.769Z] GET http://localhost:5173/src/components/NewsPage.module.scss → 200 (3ms, ?B)
[2026-04-16T04:30:24.769Z] GET http://localhost:5173/node_modules/.vite/deps/chunk-QZC7O2C6.js?v=1b9989ba → 200 (?ms, ?B)
[2026-04-16T04:30:24.769Z] GET http://localhost:5173/node_modules/.vite/deps/chunk-ZDBJOGHJ.js?v=1b9989ba → 200 (?ms, ?B)
[2026-04-16T04:30:25.653Z] GET http://localhost:5173/fonts/material-symbols-outlined.woff2 → 200 (202ms, 3363900B)
[2026-04-16T04:30:31.416Z] GET http://localhost:5173/ai-coach → 200 (?ms, 798B)
[2026-04-16T04:30:31.443Z] GET http://localhost:5173/@vite/client → 304 (?ms, ?B)
[2026-04-16T04:30:31.443Z] GET http://localhost:5173/fonts/material-symbols-outlined.woff2 → 200 (419ms, 3363900B)
[2026-04-16T04:30:31.443Z] GET http://localhost:5173/src/main.tsx → 304 (1ms, ?B)
[2026-04-16T04:30:31.443Z] GET http://localhost:5173/@react-refresh → 304 (4ms, ?B)
[2026-04-16T04:30:31.444Z] GET http://localhost:5173/node_modules/vite/dist/client/env.mjs → 304 (3ms, ?B)
[2026-04-16T04:30:31.444Z] GET http://localhost:5173/node_modules/.vite/deps/react_jsx-dev-runtime.js?v=1b9989ba → 200 (?ms, 37035B)
[2026-04-16T04:30:31.444Z] GET http://localhost:5173/node_modules/.vite/deps/react.js?v=1b9989ba → 200 (?ms, 219B)
[2026-04-16T04:30:31.444Z] GET http://localhost:5173/node_modules/.vite/deps/react-dom_client.js?v=1b9989ba → 200 (?ms, 1118B)
[2026-04-16T04:30:31.444Z] GET http://localhost:5173/src/App.tsx → 304 (3ms, ?B)
[2026-04-16T04:30:31.444Z] GET http://localhost:5173/src/index.css → 304 (37ms, ?B)
[2026-04-16T04:30:31.444Z] GET http://localhost:5173/node_modules/.vite/deps/chunk-DRWLMN53.js?v=1b9989ba → 200 (1ms, 77818B)
[2026-04-16T04:30:31.445Z] GET http://localhost:5173/node_modules/.vite/deps/chunk-G3PMV62Z.js?v=1b9989ba → 200 (?ms, 1540B)
[2026-04-16T04:30:31.446Z] GET http://localhost:5173/node_modules/.vite/deps/chunk-PJEEZAML.js?v=1b9989ba → 200 (?ms, 928095B)
[2026-04-16T04:30:31.473Z] GET http://localhost:5173/src/components/Login.tsx → 304 (9ms, ?B)
[2026-04-16T04:30:31.473Z] GET http://localhost:5173/src/components/TopNavbar.tsx → 304 (19ms, ?B)
[2026-04-16T04:30:31.473Z] GET http://localhost:5173/src/components/EventsPage.tsx → 304 (19ms, ?B)
[2026-04-16T04:30:31.473Z] GET http://localhost:5173/src/components/EventmanagePage.tsx → 304 (19ms, ?B)
[2026-04-16T04:30:31.478Z] GET http://localhost:5173/src/components/EventChainPage.tsx → 304 (103ms, ?B)
[2026-04-16T04:30:31.478Z] GET http://localhost:5173/src/components/TaskDetailPage.tsx → 304 (37ms, ?B)
[2026-04-16T04:30:31.478Z] GET http://localhost:5173/src/components/TaskExecutionPage.tsx → 304 (103ms, ?B)
[2026-04-16T04:30:31.478Z] GET http://localhost:5173/src/components/TaskReviewPage.tsx → 304 (102ms, ?B)
[2026-04-16T04:30:31.478Z] GET http://localhost:5173/src/components/TaskListPage.tsx → 304 (103ms, ?B)
[2026-04-16T04:30:31.478Z] GET http://localhost:5173/src/components/DataListPage.tsx → 304 (103ms, ?B)
[2026-04-16T04:30:31.478Z] GET http://localhost:5173/src/components/DataPage.tsx → 304 (103ms, ?B)
[2026-04-16T04:30:31.478Z] GET http://localhost:5173/src/components/DataChainPage.tsx → 304 (103ms, ?B)
[2026-04-16T04:30:31.478Z] GET http://localhost:5173/src/components/DataChainDetailPage.tsx → 304 (103ms, ?B)
[2026-04-16T04:30:31.478Z] GET http://localhost:5173/src/components/DataReviewPage.tsx → 304 (104ms, ?B)
[2026-04-16T04:30:31.478Z] GET http://localhost:5173/src/components/EventDataDetailPage.tsx → 304 (104ms, ?B)
[2026-04-16T04:30:31.478Z] GET http://localhost:5173/src/components/HomePage.tsx → 304 (109ms, ?B)
[2026-04-16T04:30:31.478Z] GET http://localhost:5173/src/components/AdminPage.tsx → 304 (120ms, ?B)
[2026-04-16T04:30:31.478Z] GET http://localhost:5173/src/components/ProfilePage.tsx → 304 (120ms, ?B)
[2026-04-16T04:30:31.478Z] GET http://localhost:5173/src/components/VisualizationPage.tsx → 304 (121ms, ?B)
[2026-04-16T04:30:31.478Z] GET http://localhost:5173/src/components/ToolsPage.tsx → 304 (121ms, ?B)
[2026-04-16T04:30:31.478Z] GET http://localhost:5173/src/components/ApplicationPage.tsx → 304 (121ms, ?B)
[2026-04-16T04:30:31.478Z] GET http://localhost:5173/src/components/PurchaseRequestPage.tsx → 304 (121ms, ?B)
[2026-04-16T04:30:31.479Z] GET http://localhost:5173/src/components/BasicSettingsPage.tsx → 304 (120ms, ?B)
[2026-04-16T04:30:31.479Z] GET http://localhost:5173/src/components/OrganizationalChartPage.tsx → 304 (121ms, ?B)
[2026-04-16T04:30:31.479Z] GET http://localhost:5173/src/components/SupplierPage.tsx → 304 (121ms, ?B)
[2026-04-16T04:30:31.479Z] GET http://localhost:5173/src/components/ClientPage.tsx → 304 (121ms, ?B)
[2026-04-16T04:30:31.479Z] GET http://localhost:5173/src/components/EmployeePage.tsx → 304 (121ms, ?B)
[2026-04-16T04:30:31.479Z] GET http://localhost:5173/src/components/InvoicePage.tsx → 304 (121ms, ?B)
[2026-04-16T04:30:31.479Z] GET http://localhost:5173/src/components/IssuedInvoicePage.tsx → 304 (121ms, ?B)
[2026-04-16T04:30:31.479Z] GET http://localhost:5173/src/components/AccountingSubjectPage.tsx → 304 (122ms, ?B)
[2026-04-16T04:30:31.479Z] GET http://localhost:5173/src/components/FinancialReportPage.tsx → 304 (126ms, ?B)
[2026-04-16T04:30:31.479Z] GET http://localhost:5173/src/components/JournalPage.tsx → 304 (126ms, ?B)
[2026-04-16T04:30:31.479Z] GET http://localhost:5173/src/components/DataManagePage.tsx → 304 (126ms, ?B)
[2026-04-16T04:30:31.479Z] GET http://localhost:5173/src/components/StockYJPage.tsx → 304 (126ms, ?B)
[2026-04-16T04:30:31.479Z] GET http://localhost:5173/src/components/StockOrderPage.tsx → 304 (127ms, ?B)
[2026-04-16T04:30:31.479Z] GET http://localhost:5173/src/components/StockInPage.tsx → 304 (127ms, ?B)
[2026-04-16T04:30:31.479Z] GET http://localhost:5173/src/components/StockOutPage.tsx → 304 (127ms, ?B)
[2026-04-16T04:30:31.479Z] GET http://localhost:5173/src/components/StockReportPage.tsx → 304 (127ms, ?B)
[2026-04-16T04:30:31.479Z] GET http://localhost:5173/src/components/ProductPage.tsx → 304 (127ms, ?B)
[2026-04-16T04:30:31.480Z] GET http://localhost:5173/src/components/WarehousePage.tsx → 304 (126ms, ?B)
[2026-04-16T04:30:31.480Z] GET http://localhost:5173/src/components/WarehouseCapacityPage.tsx → 304 (127ms, ?B)
[2026-04-16T04:30:31.480Z] GET http://localhost:5173/src/components/PaymentOrderPage.tsx → 304 (127ms, ?B)
[2026-04-16T04:30:31.480Z] GET http://localhost:5173/src/components/SellOrderPage.tsx → 304 (127ms, ?B)
[2026-04-16T04:30:31.480Z] GET http://localhost:5173/src/components/IncomeOrderPage.tsx → 304 (127ms, ?B)
[2026-04-16T04:30:31.480Z] GET http://localhost:5173/src/components/RejectOrderPage.tsx → 304 (127ms, ?B)
[2026-04-16T04:30:31.480Z] GET http://localhost:5173/src/components/DrawPlanPage.tsx → 304 (127ms, ?B)
[2026-04-16T04:30:31.480Z] GET http://localhost:5173/src/components/ProduceOrderPage.tsx → 304 (383ms, ?B)
[2026-04-16T04:30:31.480Z] GET http://localhost:5173/src/components/FundAccountPage.tsx → 304 (383ms, ?B)
[2026-04-16T04:30:31.480Z] GET http://localhost:5173/src/components/ChatSidebar.tsx → 304 (383ms, ?B)
[2026-04-16T04:30:31.480Z] GET http://localhost:5173/src/components/MessagePage.tsx → 304 (383ms, ?B)
[2026-04-16T04:30:31.480Z] GET http://localhost:5173/src/components/NewsPage.tsx → 304 (383ms, ?B)
[2026-04-16T04:30:31.480Z] GET http://localhost:5173/src/components/UserSettingsPage.tsx → 304 (384ms, ?B)
[2026-04-16T04:30:31.480Z] GET http://localhost:5173/src/components/DraggableAIBtn.tsx → 304 (384ms, ?B)
[2026-04-16T04:30:31.480Z] GET http://localhost:5173/src/components/AIReadingPage.tsx → 304 (384ms, ?B)
[2026-04-16T04:30:31.480Z] GET http://localhost:5173/src/components/AccountManagementPage.tsx → 304 (384ms, ?B)
[2026-04-16T04:30:31.480Z] GET http://localhost:5173/src/components/ResponsibilitySettingsPage.tsx → 304 (384ms, ?B)
[2026-04-16T04:30:31.480Z] GET http://localhost:5173/src/components/PermissionSettingsPage.tsx → 304 (384ms, ?B)
[2026-04-16T04:30:31.480Z] GET http://localhost:5173/src/components/OperationLogPage.tsx → 304 (385ms, ?B)
[2026-04-16T04:30:31.480Z] GET http://localhost:5173/src/components/EventTemplatesPage.tsx → 304 (385ms, ?B)
[2026-04-16T04:30:31.481Z] GET http://localhost:5173/src/components/EventChainTemplatePage.tsx → 304 (384ms, ?B)
[2026-04-16T04:30:31.481Z] GET http://localhost:5173/src/components/ProcessChainTemplatePage.tsx → 304 (384ms, ?B)
[2026-04-16T04:30:31.481Z] GET http://localhost:5173/src/components/TaskTemplatePage.tsx → 304 (384ms, ?B)
[2026-04-16T04:30:31.481Z] GET http://localhost:5173/src/components/DataTemplatesPage.tsx → 304 (384ms, ?B)
[2026-04-16T04:30:31.481Z] GET http://localhost:5173/src/components/DataChainTemplatePage.tsx → 304 (385ms, ?B)
[2026-04-16T04:30:31.481Z] GET http://localhost:5173/src/components/ProcessInfoTemplatePage.tsx → 304 (385ms, ?B)
[2026-04-16T04:30:31.481Z] GET http://localhost:5173/src/components/DataBlockTemplatePage.tsx → 304 (385ms, ?B)
[2026-04-16T04:30:31.492Z] GET http://localhost:5173/src/components/Login.css → 304 (374ms, ?B)
[2026-04-16T04:30:31.504Z] GET http://localhost:5173/src/icons/home.svg?import → 304 (362ms, ?B)
[2026-04-16T04:30:31.514Z] GET http://localhost:5173/src/icons/project.svg?import → 304 (352ms, ?B)
[2026-04-16T04:30:31.514Z] GET http://localhost:5173/src/icons/team.svg?import → 304 (352ms, ?B)
[2026-04-16T04:30:31.514Z] GET http://localhost:5173/src/icons/message.svg?import → 304 (353ms, ?B)
[2026-04-16T04:30:31.514Z] GET http://localhost:5173/src/icons/database.svg?import → 304 (353ms, ?B)
[2026-04-16T04:30:31.514Z] GET http://localhost:5173/src/icons/visualization.svg?import → 304 (353ms, ?B)
[2026-04-16T04:30:31.514Z] GET http://localhost:5173/src/icons/news.svg?import → 304 (353ms, ?B)
[2026-04-16T04:30:31.514Z] GET http://localhost:5173/src/icons/ai.svg?import → 304 (353ms, ?B)
[2026-04-16T04:30:31.514Z] GET http://localhost:5173/src/icons/app.svg?import → 304 (353ms, ?B)
[2026-04-16T04:30:31.514Z] GET http://localhost:5173/node_modules/.vite/deps/antd.js?v=1b9989ba → 200 (?ms, 3534175B)
[2026-04-16T04:30:31.598Z] GET http://localhost:5173/node_modules/.vite/deps/chunk-QZC7O2C6.js?v=1b9989ba → 200 (?ms, 12710B)
[2026-04-16T04:30:31.599Z] GET http://localhost:5173/node_modules/.vite/deps/chunk-ZDBJOGHJ.js?v=1b9989ba → 200 (?ms, 118332B)
[2026-04-16T04:30:31.871Z] GET http://localhost:5173/src/components/ToolsPage.module.scss → 304 (1ms, ?B)
[2026-04-16T04:30:31.871Z] GET http://localhost:5173/src/components/ApplicationPage.module.scss → 304 (1ms, ?B)
[2026-04-16T04:30:31.871Z] GET http://localhost:5173/node_modules/.vite/deps/dayjs.js?v=1b9989ba → 200 (?ms, 227B)
[2026-04-16T04:30:31.872Z] GET http://localhost:5173/node_modules/.vite/deps/axios.js?v=1b9989ba → 200 (?ms, 84021B)
[2026-04-16T04:30:31.872Z] GET http://localhost:5173/node_modules/.vite/deps/@ant-design_icons.js?v=1b9989ba → 200 (?ms, 1268911B)
[2026-04-16T04:30:31.872Z] GET http://localhost:5173/src/components/MessagePage.module.scss → 304 (8ms, ?B)
[2026-04-16T04:30:31.872Z] GET http://localhost:5173/src/components/NewsPage.module.scss → 304 (9ms, ?B)
[2026-04-16T04:30:31.872Z] GET http://localhost:5173/src/components/UserSettingsPage.module.scss → 304 (9ms, ?B)
[2026-04-16T04:30:32.095Z] GET http://localhost:5173/fonts/material-symbols-outlined.woff2 → pending (?ms, ?B)
[2026-04-16T04:30:51.027Z] GET http://localhost:5173/ → pending (?ms, ?B)
[2026-04-16T04:30:52.025Z] GET http://localhost:5173/ → pending (?ms, ?B)
[2026-04-16T04:30:53.028Z] GET http://localhost:5173/ → pending (?ms, ?B)
[2026-04-16T04:30:54.029Z] GET http://localhost:5173/ → 204 (14ms, ?B)
[2026-04-16T04:30:54.044Z] GET http://localhost:5173/ai-coach → 200 (41ms, 798B)
[2026-04-16T04:30:54.091Z] GET http://localhost:5173/@vite/client → 200 (82ms, 137703B)
[2026-04-16T04:30:54.091Z] GET http://localhost:5173/fonts/material-symbols-outlined.woff2 → pending (?ms, ?B)
[2026-04-16T04:30:54.091Z] GET http://localhost:5173/src/main.tsx → pending (?ms, ?B)
[2026-04-16T04:30:54.092Z] GET http://localhost:5173/@react-refresh → pending (?ms, ?B)
[2026-04-16T04:30:54.173Z] GET http://localhost:5173/node_modules/vite/dist/client/env.mjs → pending (?ms, ?B)
[2026-04-16T04:30:54.520Z] GET http://localhost:5173/node_modules/.vite/deps/react_jsx-dev-runtime.js?v=1b9989ba → 200 (?ms, 37035B)
[2026-04-16T04:30:54.521Z] GET http://localhost:5173/node_modules/.vite/deps/react.js?v=1b9989ba → 200 (1ms, 219B)
[2026-04-16T04:30:54.522Z] GET http://localhost:5173/node_modules/.vite/deps/react-dom_client.js?v=1b9989ba → 200 (?ms, 1118B)
[2026-04-16T04:30:54.522Z] GET http://localhost:5173/src/App.tsx → 200 (305ms, 149860B)
[2026-04-16T04:30:54.522Z] GET http://localhost:5173/src/index.css → pending (?ms, ?B)
[2026-04-16T04:30:54.523Z] GET http://localhost:5173/node_modules/.vite/deps/chunk-DRWLMN53.js?v=1b9989ba → 200 (?ms, 77818B)
[2026-04-16T04:30:54.523Z] GET http://localhost:5173/node_modules/.vite/deps/chunk-G3PMV62Z.js?v=1b9989ba → 200 (?ms, 1540B)
[2026-04-16T04:30:54.523Z] GET http://localhost:5173/node_modules/.vite/deps/chunk-PJEEZAML.js?v=1b9989ba → 200 (?ms, 928095B)
[2026-04-16T04:30:54.834Z] GET http://localhost:5173/src/components/Login.tsx → pending (?ms, ?B)
[2026-04-16T04:30:54.834Z] GET http://localhost:5173/src/components/TopNavbar.tsx → pending (?ms, ?B)
[2026-04-16T04:30:54.834Z] GET http://localhost:5173/src/components/EventsPage.tsx → pending (?ms, ?B)
[2026-04-16T04:30:54.835Z] GET http://localhost:5173/src/components/EventmanagePage.tsx → pending (?ms, ?B)
[2026-04-16T04:30:54.835Z] GET http://localhost:5173/src/components/EventChainPage.tsx → pending (?ms, ?B)
[2026-04-16T04:30:54.835Z] GET http://localhost:5173/src/components/TaskDetailPage.tsx → pending (?ms, ?B)
[2026-04-16T04:30:54.835Z] GET http://localhost:5173/src/components/TaskExecutionPage.tsx → pending (?ms, ?B)
[2026-04-16T04:30:54.835Z] GET http://localhost:5173/src/components/TaskReviewPage.tsx → pending (?ms, ?B)
[2026-04-16T04:30:54.838Z] GET http://localhost:5173/src/components/TaskListPage.tsx → pending (?ms, ?B)
[2026-04-16T04:30:54.839Z] GET http://localhost:5173/src/components/DataListPage.tsx → pending (?ms, ?B)
[2026-04-16T04:30:54.843Z] GET http://localhost:5173/src/components/DataPage.tsx → pending (?ms, ?B)
[2026-04-16T04:30:54.843Z] GET http://localhost:5173/src/components/DataChainPage.tsx → pending (?ms, ?B)
[2026-04-16T04:30:54.844Z] GET http://localhost:5173/src/components/DataChainDetailPage.tsx → pending (?ms, ?B)
[2026-04-16T04:30:54.844Z] GET http://localhost:5173/src/components/DataReviewPage.tsx → pending (?ms, ?B)
[2026-04-16T04:30:54.844Z] GET http://localhost:5173/src/components/EventDataDetailPage.tsx → pending (?ms, ?B)
[2026-04-16T04:30:54.844Z] GET http://localhost:5173/src/components/HomePage.tsx → pending (?ms, ?B)
[2026-04-16T04:30:54.844Z] GET http://localhost:5173/src/components/AdminPage.tsx → pending (?ms, ?B)
[2026-04-16T04:30:54.844Z] GET http://localhost:5173/src/components/ProfilePage.tsx → pending (?ms, ?B)
[2026-04-16T04:30:54.845Z] GET http://localhost:5173/src/components/VisualizationPage.tsx → pending (?ms, ?B)
[2026-04-16T04:30:54.845Z] GET http://localhost:5173/src/components/ToolsPage.tsx → pending (?ms, ?B)
[2026-04-16T04:30:54.845Z] GET http://localhost:5173/src/components/ApplicationPage.tsx → pending (?ms, ?B)
[2026-04-16T04:30:54.845Z] GET http://localhost:5173/src/components/PurchaseRequestPage.tsx → pending (?ms, ?B)
[2026-04-16T04:30:54.845Z] GET http://localhost:5173/src/components/BasicSettingsPage.tsx → pending (?ms, ?B)
[2026-04-16T04:30:54.846Z] GET http://localhost:5173/src/components/OrganizationalChartPage.tsx → pending (?ms, ?B)
[2026-04-16T04:30:54.846Z] GET http://localhost:5173/src/components/SupplierPage.tsx → pending (?ms, ?B)
[2026-04-16T04:30:54.847Z] GET http://localhost:5173/src/components/ClientPage.tsx → pending (?ms, ?B)
[2026-04-16T04:30:54.847Z] GET http://localhost:5173/src/components/EmployeePage.tsx → pending (?ms, ?B)
[2026-04-16T04:30:54.847Z] GET http://localhost:5173/src/components/InvoicePage.tsx → pending (?ms, ?B)
[2026-04-16T04:30:54.847Z] GET http://localhost:5173/src/components/IssuedInvoicePage.tsx → pending (?ms, ?B)
[2026-04-16T04:30:54.847Z] GET http://localhost:5173/src/components/AccountingSubjectPage.tsx → pending (?ms, ?B)
[2026-04-16T04:30:54.847Z] GET http://localhost:5173/src/components/FinancialReportPage.tsx → pending (?ms, ?B)
[2026-04-16T04:30:54.847Z] GET http://localhost:5173/src/components/JournalPage.tsx → pending (?ms, ?B)
[2026-04-16T04:30:54.847Z] GET http://localhost:5173/src/components/DataManagePage.tsx → pending (?ms, ?B)
[2026-04-16T04:30:54.847Z] GET http://localhost:5173/src/components/StockYJPage.tsx → pending (?ms, ?B)
[2026-04-16T04:30:54.847Z] GET http://localhost:5173/src/components/StockOrderPage.tsx → pending (?ms, ?B)
[2026-04-16T04:30:54.847Z] GET http://localhost:5173/src/components/StockInPage.tsx → pending (?ms, ?B)
[2026-04-16T04:30:54.848Z] GET http://localhost:5173/src/components/StockOutPage.tsx → pending (?ms, ?B)
[2026-04-16T04:30:54.848Z] GET http://localhost:5173/src/components/StockReportPage.tsx → pending (?ms, ?B)
[2026-04-16T04:30:54.848Z] GET http://localhost:5173/src/components/ProductPage.tsx → pending (?ms, ?B)
[2026-04-16T04:30:54.848Z] GET http://localhost:5173/src/components/WarehousePage.tsx → pending (?ms, ?B)
[2026-04-16T04:30:54.848Z] GET http://localhost:5173/src/components/WarehouseCapacityPage.tsx → pending (?ms, ?B)
[2026-04-16T04:30:54.848Z] GET http://localhost:5173/src/components/PaymentOrderPage.tsx → pending (?ms, ?B)
[2026-04-16T04:30:54.848Z] GET http://localhost:5173/src/components/SellOrderPage.tsx → pending (?ms, ?B)
[2026-04-16T04:30:54.848Z] GET http://localhost:5173/src/components/IncomeOrderPage.tsx → pending (?ms, ?B)
[2026-04-16T04:30:54.848Z] GET http://localhost:5173/src/components/RejectOrderPage.tsx → pending (?ms, ?B)
[2026-04-16T04:30:54.848Z] GET http://localhost:5173/src/components/DrawPlanPage.tsx → pending (?ms, ?B)
[2026-04-16T04:30:54.848Z] GET http://localhost:5173/src/components/ProduceOrderPage.tsx → pending (?ms, ?B)
[2026-04-16T04:30:54.848Z] GET http://localhost:5173/src/components/FundAccountPage.tsx → pending (?ms, ?B)
[2026-04-16T04:30:54.848Z] GET http://localhost:5173/src/components/ChatSidebar.tsx → pending (?ms, ?B)
[2026-04-16T04:30:54.848Z] GET http://localhost:5173/src/components/MessagePage.tsx → pending (?ms, ?B)
[2026-04-16T04:30:54.848Z] GET http://localhost:5173/src/components/NewsPage.tsx → pending (?ms, ?B)
[2026-04-16T04:30:54.848Z] GET http://localhost:5173/src/components/UserSettingsPage.tsx → pending (?ms, ?B)
[2026-04-16T04:30:54.848Z] GET http://localhost:5173/src/components/DraggableAIBtn.tsx → pending (?ms, ?B)
[2026-04-16T04:30:54.848Z] GET http://localhost:5173/src/components/AIReadingPage.tsx → pending (?ms, ?B)
[2026-04-16T04:30:54.848Z] GET http://localhost:5173/src/components/AccountManagementPage.tsx → pending (?ms, ?B)
[2026-04-16T04:30:54.848Z] GET http://localhost:5173/src/components/ResponsibilitySettingsPage.tsx → pending (?ms, ?B)
[2026-04-16T04:30:54.849Z] GET http://localhost:5173/src/components/PermissionSettingsPage.tsx → pending (?ms, ?B)
[2026-04-16T04:30:54.849Z] GET http://localhost:5173/src/components/OperationLogPage.tsx → pending (?ms, ?B)
[2026-04-16T04:30:54.849Z] GET http://localhost:5173/src/components/EventTemplatesPage.tsx → pending (?ms, ?B)
[2026-04-16T04:30:54.849Z] GET http://localhost:5173/src/components/EventChainTemplatePage.tsx → pending (?ms, ?B)
[2026-04-16T04:30:54.849Z] GET http://localhost:5173/src/components/ProcessChainTemplatePage.tsx → pending (?ms, ?B)
[2026-04-16T04:30:54.849Z] GET http://localhost:5173/src/components/TaskTemplatePage.tsx → pending (?ms, ?B)
[2026-04-16T04:30:54.849Z] GET http://localhost:5173/src/components/DataTemplatesPage.tsx → pending (?ms, ?B)
[2026-04-16T04:30:54.849Z] GET http://localhost:5173/src/components/DataChainTemplatePage.tsx → pending (?ms, ?B)
[2026-04-16T04:30:54.849Z] GET http://localhost:5173/src/components/ProcessInfoTemplatePage.tsx → pending (?ms, ?B)
[2026-04-16T04:30:54.849Z] GET http://localhost:5173/src/components/DataBlockTemplatePage.tsx → pending (?ms, ?B)
[2026-04-16T04:30:58.231Z] GET http://localhost:5173/src/components/Login.css → pending (?ms, ?B)
[2026-04-16T04:30:58.271Z] GET http://localhost:5173/src/icons/home.svg?import → pending (?ms, ?B)
[2026-04-16T04:30:58.271Z] GET http://localhost:5173/src/icons/project.svg?import → pending (?ms, ?B)
[2026-04-16T04:30:58.271Z] GET http://localhost:5173/src/icons/team.svg?import → pending (?ms, ?B)
[2026-04-16T04:30:58.271Z] GET http://localhost:5173/src/icons/message.svg?import → pending (?ms, ?B)
[2026-04-16T04:30:58.271Z] GET http://localhost:5173/src/icons/database.svg?import → pending (?ms, ?B)
[2026-04-16T04:30:58.271Z] GET http://localhost:5173/src/icons/visualization.svg?import → pending (?ms, ?B)
[2026-04-16T04:30:58.271Z] GET http://localhost:5173/src/icons/news.svg?import → pending (?ms, ?B)
[2026-04-16T04:30:58.271Z] GET http://localhost:5173/src/icons/ai.svg?import → pending (?ms, ?B)
[2026-04-16T04:30:58.271Z] GET http://localhost:5173/src/icons/app.svg?import → pending (?ms, ?B)
[2026-04-16T04:30:58.336Z] GET http://localhost:5173/node_modules/.vite/deps/antd.js?v=1b9989ba → 200 (136ms, 3534175B)
[2026-04-16T04:30:58.472Z] GET http://localhost:5173/node_modules/.vite/deps/chunk-QZC7O2C6.js?v=1b9989ba → 200 (?ms, 12710B)
[2026-04-16T04:30:58.472Z] GET http://localhost:5173/node_modules/.vite/deps/chunk-ZDBJOGHJ.js?v=1b9989ba → 200 (?ms, 118332B)
[2026-04-16T04:30:58.829Z] GET http://localhost:5173/src/components/ToolsPage.module.scss → pending (?ms, ?B)
[2026-04-16T04:30:58.830Z] GET http://localhost:5173/node_modules/.vite/deps/dayjs.js?v=1b9989ba → 200 (1ms, 227B)
[2026-04-16T04:30:58.831Z] GET http://localhost:5173/src/components/ApplicationPage.module.scss → pending (?ms, ?B)
[2026-04-16T04:30:59.939Z] GET http://localhost:5173/node_modules/.vite/deps/axios.js?v=1b9989ba → 200 (?ms, 84021B)
[2026-04-16T04:31:00.777Z] GET http://localhost:5173/node_modules/.vite/deps/@ant-design_icons.js?v=1b9989ba → 200 (?ms, 1268911B)
[2026-04-16T04:31:00.863Z] GET http://localhost:5173/src/components/MessagePage.module.scss → 200 (136ms, 60071B)
[2026-04-16T04:31:00.864Z] GET http://localhost:5173/src/components/NewsPage.module.scss → 200 (134ms, 54581B)
[2026-04-16T04:31:00.999Z] GET http://localhost:5173/src/components/UserSettingsPage.module.scss → 200 (33ms, ?B)
[2026-04-16T04:31:01.306Z] GET http://localhost:5173/fonts/material-symbols-outlined.woff2 → 200 (296ms, 3363900B)
